Epoch: 1
batch:20/178, loss(avg. on 20 batches: 0.13266487307846547
batch:40/178, loss(avg. on 20 batches: 0.06599375773221254
batch:60/178, loss(avg. on 20 batches: 0.052328605111688374
batch:80/178, loss(avg. on 20 batches: 0.046980465203523634
batch:100/178, loss(avg. on 20 batches: 0.04258658811450004
batch:120/178, loss(avg. on 20 batches: 0.038990852609276774
batch:140/178, loss(avg. on 20 batches: 0.035104424133896826
batch:160/178, loss(avg. on 20 batches: 0.03522915206849575
test result: score: 9161.501953125, RMSE: 23.727205276489258
Epoch: 2
batch:20/178, loss(avg. on 20 batches: 0.03148284684866667
batch:40/178, loss(avg. on 20 batches: 0.03167982660233974
batch:60/178, loss(avg. on 20 batches: 0.02769354050979018
batch:80/178, loss(avg. on 20 batches: 0.027674633730202913
batch:100/178, loss(avg. on 20 batches: 0.026771552674472333
batch:120/178, loss(avg. on 20 batches: 0.026025908719748258
batch:140/178, loss(avg. on 20 batches: 0.0256984643638134
batch:160/178, loss(avg. on 20 batches: 0.024228197894990443
test result: score: 1682.5068359375, RMSE: 21.68259048461914
best_score_checkpoints saved successfully!
best_RMSE_checkpoints saved successfully!
Epoch: 3
batch:20/178, loss(avg. on 20 batches: 0.02411755621433258
batch:40/178, loss(avg. on 20 batches: 0.02465065959841013
batch:60/178, loss(avg. on 20 batches: 0.02252402389422059
batch:80/178, loss(avg. on 20 batches: 0.02179413279518485
batch:100/178, loss(avg. on 20 batches: 0.021153939235955477
batch:120/178, loss(avg. on 20 batches: 0.020320552634075284
batch:140/178, loss(avg. on 20 batches: 0.021239206194877625
batch:160/178, loss(avg. on 20 batches: 0.02177505395375192
test result: score: 1344.9462890625, RMSE: 19.978221893310547
best_score_checkpoints saved successfully!
best_RMSE_checkpoints saved successfully!
Epoch: 4
batch:20/178, loss(avg. on 20 batches: 0.02021778649650514
batch:40/178, loss(avg. on 20 batches: 0.018608191749081016
batch:60/178, loss(avg. on 20 batches: 0.018088945047929884
batch:80/178, loss(avg. on 20 batches: 0.01917657135054469
batch:100/178, loss(avg. on 20 batches: 0.018531270837411285
batch:120/178, loss(avg. on 20 batches: 0.019930370803922414
batch:140/178, loss(avg. on 20 batches: 0.01859894855879247
batch:160/178, loss(avg. on 20 batches: 0.017980460030958056
test result: score: 1055.894287109375, RMSE: 19.470008850097656
best_score_checkpoints saved successfully!
best_RMSE_checkpoints saved successfully!
Epoch: 5
batch:20/178, loss(avg. on 20 batches: 0.018501333706080914
batch:40/178, loss(avg. on 20 batches: 0.016712860111147164
batch:60/178, loss(avg. on 20 batches: 0.01762345675379038
batch:80/178, loss(avg. on 20 batches: 0.016000799741595982
batch:100/178, loss(avg. on 20 batches: 0.015865994757041334
batch:120/178, loss(avg. on 20 batches: 0.01636227238923311
batch:140/178, loss(avg. on 20 batches: 0.016879374627023935
batch:160/178, loss(avg. on 20 batches: 0.017059444403275847
test result: score: 1009.2510986328125, RMSE: 18.603315353393555
best_score_checkpoints saved successfully!
best_RMSE_checkpoints saved successfully!
Epoch: 6
batch:20/178, loss(avg. on 20 batches: 0.015557814948260784
batch:40/178, loss(avg. on 20 batches: 0.015973776718601583
batch:60/178, loss(avg. on 20 batches: 0.015622181445360183
batch:80/178, loss(avg. on 20 batches: 0.015908845514059067
batch:100/178, loss(avg. on 20 batches: 0.015201829886063934
batch:120/178, loss(avg. on 20 batches: 0.015432745590806008
batch:140/178, loss(avg. on 20 batches: 0.01492637130431831
batch:160/178, loss(avg. on 20 batches: 0.015113965747877956
test result: score: 2197.22509765625, RMSE: 22.615018844604492
Epoch: 7
batch:20/178, loss(avg. on 20 batches: 0.015279974788427353
batch:40/178, loss(avg. on 20 batches: 0.014663631562143564
batch:60/178, loss(avg. on 20 batches: 0.01446067774668336
batch:80/178, loss(avg. on 20 batches: 0.014309970987960696
batch:100/178, loss(avg. on 20 batches: 0.013878082809969782
batch:120/178, loss(avg. on 20 batches: 0.014937211759388447
batch:140/178, loss(avg. on 20 batches: 0.013359601469710469
batch:160/178, loss(avg. on 20 batches: 0.01397470640949905
test result: score: 1280.3834228515625, RMSE: 19.29779052734375
Epoch: 8
batch:20/178, loss(avg. on 20 batches: 0.014114761631935835
batch:40/178, loss(avg. on 20 batches: 0.0138535819016397
batch:60/178, loss(avg. on 20 batches: 0.013227448752149939
batch:80/178, loss(avg. on 20 batches: 0.012816591653972864
batch:100/178, loss(avg. on 20 batches: 0.013507113652303815
batch:120/178, loss(avg. on 20 batches: 0.013492641365155577
batch:140/178, loss(avg. on 20 batches: 0.013494277466088533
batch:160/178, loss(avg. on 20 batches: 0.013676905445754528
test result: score: 806.4234008789062, RMSE: 18.538789749145508
best_score_checkpoints saved successfully!
best_RMSE_checkpoints saved successfully!
Epoch: 9
batch:20/178, loss(avg. on 20 batches: 0.013420673087239265
batch:40/178, loss(avg. on 20 batches: 0.013047541119158268
batch:60/178, loss(avg. on 20 batches: 0.012694577407091855
batch:80/178, loss(avg. on 20 batches: 0.012463370291516184
batch:100/178, loss(avg. on 20 batches: 0.01303058434277773
batch:120/178, loss(avg. on 20 batches: 0.012738602748140693
batch:140/178, loss(avg. on 20 batches: 0.012155164731666446
batch:160/178, loss(avg. on 20 batches: 0.012728539295494556
test result: score: 1715.1396484375, RMSE: 21.822528839111328
Epoch: 10
batch:20/178, loss(avg. on 20 batches: 0.012277337675914168
batch:40/178, loss(avg. on 20 batches: 0.012863483931869268
batch:60/178, loss(avg. on 20 batches: 0.01137326997704804
batch:80/178, loss(avg. on 20 batches: 0.011733554722741246
batch:100/178, loss(avg. on 20 batches: 0.01221107179298997
batch:120/178, loss(avg. on 20 batches: 0.012212361814454198
batch:140/178, loss(avg. on 20 batches: 0.011952561000362039
batch:160/178, loss(avg. on 20 batches: 0.012080721091479063
test result: score: 2649.945068359375, RMSE: 23.568471908569336
Epoch: 11
batch:20/178, loss(avg. on 20 batches: 0.011945296730846166
batch:40/178, loss(avg. on 20 batches: 0.01182834836654365
batch:60/178, loss(avg. on 20 batches: 0.01231199554167688
batch:80/178, loss(avg. on 20 batches: 0.011818361841142178
batch:100/178, loss(avg. on 20 batches: 0.01136414846405387
batch:120/178, loss(avg. on 20 batches: 0.011394552770070732
batch:140/178, loss(avg. on 20 batches: 0.011243735905736685
batch:160/178, loss(avg. on 20 batches: 0.010621454939246178
test result: score: 4979.908203125, RMSE: 28.57295036315918
Epoch: 12
batch:20/178, loss(avg. on 20 batches: 0.011995257344096899
batch:40/178, loss(avg. on 20 batches: 0.010635594418272377
batch:60/178, loss(avg. on 20 batches: 0.011289161397144198
batch:80/178, loss(avg. on 20 batches: 0.011518287472426891
batch:100/178, loss(avg. on 20 batches: 0.011811574175953864
batch:120/178, loss(avg. on 20 batches: 0.010849112085998059
batch:140/178, loss(avg. on 20 batches: 0.010997773753479123
batch:160/178, loss(avg. on 20 batches: 0.010667269118130207
test result: score: 845.8797607421875, RMSE: 21.917232513427734
Epoch: 13
batch:20/178, loss(avg. on 20 batches: 0.010448662005364895
batch:40/178, loss(avg. on 20 batches: 0.010966743621975184
batch:60/178, loss(avg. on 20 batches: 0.010113655985333026
batch:80/178, loss(avg. on 20 batches: 0.01061134240590036
batch:100/178, loss(avg. on 20 batches: 0.011175732454285025
batch:120/178, loss(avg. on 20 batches: 0.010841368255205453
batch:140/178, loss(avg. on 20 batches: 0.009981274092569947
batch:160/178, loss(avg. on 20 batches: 0.01152422211598605
test result: score: 2024.2449951171875, RMSE: 22.299049377441406
Epoch: 14
batch:20/178, loss(avg. on 20 batches: 0.010456688515841962
batch:40/178, loss(avg. on 20 batches: 0.010762661439366638
batch:60/178, loss(avg. on 20 batches: 0.010547867463901638
batch:80/178, loss(avg. on 20 batches: 0.009841603180393576
batch:100/178, loss(avg. on 20 batches: 0.011606477852910756
batch:120/178, loss(avg. on 20 batches: 0.011621252540498972
batch:140/178, loss(avg. on 20 batches: 0.010539424838498235
batch:160/178, loss(avg. on 20 batches: 0.010750989918597043
test result: score: 907.5963134765625, RMSE: 18.099790573120117
best_RMSE_checkpoints saved successfully!
Epoch: 15
batch:20/178, loss(avg. on 20 batches: 0.010238914238288998
batch:40/178, loss(avg. on 20 batches: 0.01078329998999834
batch:60/178, loss(avg. on 20 batches: 0.010638290760107338
batch:80/178, loss(avg. on 20 batches: 0.010571521054953337
batch:100/178, loss(avg. on 20 batches: 0.010888572782278061
batch:120/178, loss(avg. on 20 batches: 0.009944476187229156
batch:140/178, loss(avg. on 20 batches: 0.009527404909022152
batch:160/178, loss(avg. on 20 batches: 0.009278334584087134
test result: score: 1680.165771484375, RMSE: 20.7860164642334
Epoch: 16
batch:20/178, loss(avg. on 20 batches: 0.009854696528054773
batch:40/178, loss(avg. on 20 batches: 0.010058200685307384
batch:60/178, loss(avg. on 20 batches: 0.010288841743022203
batch:80/178, loss(avg. on 20 batches: 0.009684923151507974
batch:100/178, loss(avg. on 20 batches: 0.01003037435002625
batch:120/178, loss(avg. on 20 batches: 0.009070214419625699
batch:140/178, loss(avg. on 20 batches: 0.010208209208212794
batch:160/178, loss(avg. on 20 batches: 0.010305183590389788
test result: score: 634.3063354492188, RMSE: 20.61920738220215
best_score_checkpoints saved successfully!
Epoch: 17
batch:20/178, loss(avg. on 20 batches: 0.010341698280535638
batch:40/178, loss(avg. on 20 batches: 0.00927013331092894
batch:60/178, loss(avg. on 20 batches: 0.010019513638690114
batch:80/178, loss(avg. on 20 batches: 0.010867002792656422
batch:100/178, loss(avg. on 20 batches: 0.009642620128579438
batch:120/178, loss(avg. on 20 batches: 0.01007834377232939
batch:140/178, loss(avg. on 20 batches: 0.009701078687794507
batch:160/178, loss(avg. on 20 batches: 0.010236393823288382
test result: score: 716.0927734375, RMSE: 19.009292602539062
Epoch: 18
batch:20/178, loss(avg. on 20 batches: 0.010321081429719926
batch:40/178, loss(avg. on 20 batches: 0.010403388785198331
batch:60/178, loss(avg. on 20 batches: 0.010111774131655694
batch:80/178, loss(avg. on 20 batches: 0.009793533920310437
batch:100/178, loss(avg. on 20 batches: 0.009413233306258918
batch:120/178, loss(avg. on 20 batches: 0.009043444180861115
batch:140/178, loss(avg. on 20 batches: 0.00920884993392974
batch:160/178, loss(avg. on 20 batches: 0.008890470582991838
test result: score: 1181.908447265625, RMSE: 17.902233123779297
best_RMSE_checkpoints saved successfully!
Epoch: 19
batch:20/178, loss(avg. on 20 batches: 0.00928572304546833
batch:40/178, loss(avg. on 20 batches: 0.008565616002306342
batch:60/178, loss(avg. on 20 batches: 0.00880227901507169
batch:80/178, loss(avg. on 20 batches: 0.009079417772591114
batch:100/178, loss(avg. on 20 batches: 0.009232642175629736
batch:120/178, loss(avg. on 20 batches: 0.009801136702299118
batch:140/178, loss(avg. on 20 batches: 0.008937418484129012
batch:160/178, loss(avg. on 20 batches: 0.008947699191048741
test result: score: 887.9490966796875, RMSE: 20.272798538208008
Epoch: 20
batch:20/178, loss(avg. on 20 batches: 0.00905540301464498
batch:40/178, loss(avg. on 20 batches: 0.009166204230859875
batch:60/178, loss(avg. on 20 batches: 0.009562320401892066
batch:80/178, loss(avg. on 20 batches: 0.009706568578258157
batch:100/178, loss(avg. on 20 batches: 0.009791650366969407
batch:120/178, loss(avg. on 20 batches: 0.008552514924667775
batch:140/178, loss(avg. on 20 batches: 0.0094117172062397
batch:160/178, loss(avg. on 20 batches: 0.008583224704489112
test result: score: 1267.992919921875, RMSE: 18.77449607849121
Epoch: 21
batch:20/178, loss(avg. on 20 batches: 0.008650087867863476
batch:40/178, loss(avg. on 20 batches: 0.008932883339002728
batch:60/178, loss(avg. on 20 batches: 0.009340872336179019
batch:80/178, loss(avg. on 20 batches: 0.00954765637870878
batch:100/178, loss(avg. on 20 batches: 0.008539728610776365
batch:120/178, loss(avg. on 20 batches: 0.009527363674715161
batch:140/178, loss(avg. on 20 batches: 0.008633949141949416
batch:160/178, loss(avg. on 20 batches: 0.009185742423869669
test result: score: 730.5457763671875, RMSE: 20.063833236694336
Epoch: 22
batch:20/178, loss(avg. on 20 batches: 0.009008171991445124
batch:40/178, loss(avg. on 20 batches: 0.00890534275677055
batch:60/178, loss(avg. on 20 batches: 0.008872880949638784
batch:80/178, loss(avg. on 20 batches: 0.008720136410556734
batch:100/178, loss(avg. on 20 batches: 0.009517220617271959
batch:120/178, loss(avg. on 20 batches: 0.009187417314387858
batch:140/178, loss(avg. on 20 batches: 0.008768451772630215
batch:160/178, loss(avg. on 20 batches: 0.010060604522004723
test result: score: 3361.923095703125, RMSE: 23.250877380371094
Epoch: 23
batch:20/178, loss(avg. on 20 batches: 0.008679430792108178
batch:40/178, loss(avg. on 20 batches: 0.008384935487993062
batch:60/178, loss(avg. on 20 batches: 0.007647332781925797
batch:80/178, loss(avg. on 20 batches: 0.009032787312753499
batch:100/178, loss(avg. on 20 batches: 0.00929401081521064
batch:120/178, loss(avg. on 20 batches: 0.008763839048333466
batch:140/178, loss(avg. on 20 batches: 0.008475032029673457
batch:160/178, loss(avg. on 20 batches: 0.009057479351758957
test result: score: 1185.4200439453125, RMSE: 18.281129837036133
Epoch: 24
batch:20/178, loss(avg. on 20 batches: 0.009146017651073635
batch:40/178, loss(avg. on 20 batches: 0.008770601800642907
batch:60/178, loss(avg. on 20 batches: 0.008760554133914411
batch:80/178, loss(avg. on 20 batches: 0.008449978637509048
batch:100/178, loss(avg. on 20 batches: 0.008516565919853747
batch:120/178, loss(avg. on 20 batches: 0.007965784799307585
batch:140/178, loss(avg. on 20 batches: 0.008315758500248193
batch:160/178, loss(avg. on 20 batches: 0.009013980394229293
test result: score: 977.820556640625, RMSE: 19.035221099853516
Epoch: 25
batch:20/178, loss(avg. on 20 batches: 0.008283322281204163
batch:40/178, loss(avg. on 20 batches: 0.008104621665552258
batch:60/178, loss(avg. on 20 batches: 0.008088651555590331
batch:80/178, loss(avg. on 20 batches: 0.00835189528297633
batch:100/178, loss(avg. on 20 batches: 0.00920244341250509
batch:120/178, loss(avg. on 20 batches: 0.009083508793264628
batch:140/178, loss(avg. on 20 batches: 0.0086582712829113
batch:160/178, loss(avg. on 20 batches: 0.008061576844193041
test result: score: 1700.470703125, RMSE: 19.47216033935547
Epoch: 26
batch:20/178, loss(avg. on 20 batches: 0.008287978218868374
batch:40/178, loss(avg. on 20 batches: 0.008722012280486524
batch:60/178, loss(avg. on 20 batches: 0.008647036645561457
batch:80/178, loss(avg. on 20 batches: 0.007982410467229783
batch:100/178, loss(avg. on 20 batches: 0.007881412981078029
batch:120/178, loss(avg. on 20 batches: 0.008187108905985951
batch:140/178, loss(avg. on 20 batches: 0.007989709405228496
batch:160/178, loss(avg. on 20 batches: 0.007969662523828447
test result: score: 2514.52978515625, RMSE: 20.4466552734375
Epoch: 27
batch:20/178, loss(avg. on 20 batches: 0.008584185130894184
batch:40/178, loss(avg. on 20 batches: 0.007925200066529215
batch:60/178, loss(avg. on 20 batches: 0.007941071991808712
batch:80/178, loss(avg. on 20 batches: 0.007843991066329182
batch:100/178, loss(avg. on 20 batches: 0.008694493654184043
batch:120/178, loss(avg. on 20 batches: 0.00867608345579356
batch:140/178, loss(avg. on 20 batches: 0.008719674288295209
batch:160/178, loss(avg. on 20 batches: 0.007167829666286707
test result: score: 1633.8526611328125, RMSE: 18.844980239868164
Epoch: 28
batch:20/178, loss(avg. on 20 batches: 0.008130070543847978
batch:40/178, loss(avg. on 20 batches: 0.007429509912617505
batch:60/178, loss(avg. on 20 batches: 0.00803729861509055
batch:80/178, loss(avg. on 20 batches: 0.007680028863251209
batch:100/178, loss(avg. on 20 batches: 0.007294544554315508
batch:120/178, loss(avg. on 20 batches: 0.008695982536301017
batch:140/178, loss(avg. on 20 batches: 0.00842729937285185
batch:160/178, loss(avg. on 20 batches: 0.007817011256702245
test result: score: 1465.204833984375, RMSE: 18.285160064697266
Epoch: 29
batch:20/178, loss(avg. on 20 batches: 0.008559675700962544
batch:40/178, loss(avg. on 20 batches: 0.007575621199794114
batch:60/178, loss(avg. on 20 batches: 0.008177425968460739
batch:80/178, loss(avg. on 20 batches: 0.007911265501752496
batch:100/178, loss(avg. on 20 batches: 0.00814941751305014
batch:120/178, loss(avg. on 20 batches: 0.008058860246092082
batch:140/178, loss(avg. on 20 batches: 0.008260836685076356
batch:160/178, loss(avg. on 20 batches: 0.007687159115448594
test result: score: 7818.97412109375, RMSE: 28.252107620239258
Epoch: 30
batch:20/178, loss(avg. on 20 batches: 0.007479841308668256
batch:40/178, loss(avg. on 20 batches: 0.007810118841007352
batch:60/178, loss(avg. on 20 batches: 0.00752537224907428
batch:80/178, loss(avg. on 20 batches: 0.00781375435180962
batch:100/178, loss(avg. on 20 batches: 0.007371833082288504
batch:120/178, loss(avg. on 20 batches: 0.006968862353824079
batch:140/178, loss(avg. on 20 batches: 0.007684851903468371
batch:160/178, loss(avg. on 20 batches: 0.008125715656206012
test result: score: 1653.4339599609375, RMSE: 18.765710830688477
Epoch: 31
batch:20/178, loss(avg. on 20 batches: 0.0076957602286711335
batch:40/178, loss(avg. on 20 batches: 0.007766724308021366
batch:60/178, loss(avg. on 20 batches: 0.007645197282545269
batch:80/178, loss(avg. on 20 batches: 0.007168983994051814
batch:100/178, loss(avg. on 20 batches: 0.007786336424760521
batch:120/178, loss(avg. on 20 batches: 0.008057783613912762
batch:140/178, loss(avg. on 20 batches: 0.00846548203844577
batch:160/178, loss(avg. on 20 batches: 0.008092379034496843
test result: score: 2573.41357421875, RMSE: 20.853559494018555
Epoch: 32
batch:20/178, loss(avg. on 20 batches: 0.0076579991960898045
batch:40/178, loss(avg. on 20 batches: 0.007885446446016431
batch:60/178, loss(avg. on 20 batches: 0.007238295953720808
batch:80/178, loss(avg. on 20 batches: 0.007767726574093104
batch:100/178, loss(avg. on 20 batches: 0.007333905366249382
batch:120/178, loss(avg. on 20 batches: 0.007626984268426895
batch:140/178, loss(avg. on 20 batches: 0.007502138544805348
batch:160/178, loss(avg. on 20 batches: 0.007506250566802919
test result: score: 1767.178466796875, RMSE: 19.620094299316406
Epoch: 1
batch:20/178, loss(avg. on 20 batches: 0.42450484484434126
batch:40/178, loss(avg. on 20 batches: 0.11653530392795801
batch:60/178, loss(avg. on 20 batches: 0.06475976724177598
batch:80/178, loss(avg. on 20 batches: 0.05190459880977869
batch:100/178, loss(avg. on 20 batches: 0.04788384567946195
batch:120/178, loss(avg. on 20 batches: 0.04623175263404846
batch:140/178, loss(avg. on 20 batches: 0.0397935826331377
batch:160/178, loss(avg. on 20 batches: 0.0347325237467885
test result: score: 1360.908203125, RMSE: 21.102441787719727
Epoch: 2
batch:20/178, loss(avg. on 20 batches: 0.034204112086445096
batch:40/178, loss(avg. on 20 batches: 0.03105645477771759
batch:60/178, loss(avg. on 20 batches: 0.029265883937478067
batch:80/178, loss(avg. on 20 batches: 0.029754891991615295
batch:100/178, loss(avg. on 20 batches: 0.027782589104026555
batch:120/178, loss(avg. on 20 batches: 0.026061201933771372
batch:140/178, loss(avg. on 20 batches: 0.025993346609175204
batch:160/178, loss(avg. on 20 batches: 0.025233488995581865
test result: score: 1561.3465576171875, RMSE: 20.090007781982422
best_RMSE_checkpoints saved successfully!
Epoch: 3
batch:20/178, loss(avg. on 20 batches: 0.022934799361974
batch:40/178, loss(avg. on 20 batches: 0.02604335159994662
batch:60/178, loss(avg. on 20 batches: 0.0229771601036191
batch:80/178, loss(avg. on 20 batches: 0.023044704087078573
batch:100/178, loss(avg. on 20 batches: 0.023078576661646366
batch:120/178, loss(avg. on 20 batches: 0.024071378726512195
batch:140/178, loss(avg. on 20 batches: 0.020672537200152875
batch:160/178, loss(avg. on 20 batches: 0.020858783274888992
test result: score: 824.6536254882812, RMSE: 18.008499145507812
best_score_checkpoints saved successfully!
best_RMSE_checkpoints saved successfully!
Epoch: 4
batch:20/178, loss(avg. on 20 batches: 0.019883742649108173
batch:40/178, loss(avg. on 20 batches: 0.020045417081564664
batch:60/178, loss(avg. on 20 batches: 0.019937366992235184
batch:80/178, loss(avg. on 20 batches: 0.02041254863142967
batch:100/178, loss(avg. on 20 batches: 0.019015589728951454
batch:120/178, loss(avg. on 20 batches: 0.01793880225159228
batch:140/178, loss(avg. on 20 batches: 0.019078972283750772
batch:160/178, loss(avg. on 20 batches: 0.018890928523615003
test result: score: 875.0186767578125, RMSE: 18.25432777404785
Epoch: 5
batch:20/178, loss(avg. on 20 batches: 0.017950915824621917
batch:40/178, loss(avg. on 20 batches: 0.016643912717700004
batch:60/178, loss(avg. on 20 batches: 0.016670477809384465
batch:80/178, loss(avg. on 20 batches: 0.01683293734677136
batch:100/178, loss(avg. on 20 batches: 0.01641796682961285
batch:120/178, loss(avg. on 20 batches: 0.01751510859467089
batch:140/178, loss(avg. on 20 batches: 0.01735566006973386
batch:160/178, loss(avg. on 20 batches: 0.016235525859519838
test result: score: 556.0999755859375, RMSE: 17.033187866210938
best_score_checkpoints saved successfully!
best_RMSE_checkpoints saved successfully!
Epoch: 6
batch:20/178, loss(avg. on 20 batches: 0.016313876304775477
batch:40/178, loss(avg. on 20 batches: 0.015684082126244902
batch:60/178, loss(avg. on 20 batches: 0.014553122268989683
batch:80/178, loss(avg. on 20 batches: 0.01606026538647711
batch:100/178, loss(avg. on 20 batches: 0.017056683218106626
batch:120/178, loss(avg. on 20 batches: 0.015369079075753689
batch:140/178, loss(avg. on 20 batches: 0.0162045044824481
batch:160/178, loss(avg. on 20 batches: 0.014250122150406242
test result: score: 909.8831176757812, RMSE: 18.66829490661621
Epoch: 7
batch:20/178, loss(avg. on 20 batches: 0.014117821212857961
batch:40/178, loss(avg. on 20 batches: 0.015280040493234993
batch:60/178, loss(avg. on 20 batches: 0.014255967317149043
batch:80/178, loss(avg. on 20 batches: 0.01543734441511333
batch:100/178, loss(avg. on 20 batches: 0.014946612622588873
batch:120/178, loss(avg. on 20 batches: 0.015410863934084773
batch:140/178, loss(avg. on 20 batches: 0.01469722087495029
batch:160/178, loss(avg. on 20 batches: 0.01395741691812873
test result: score: 800.563720703125, RMSE: 18.305877685546875
Epoch: 8
batch:20/178, loss(avg. on 20 batches: 0.014786687633022665
batch:40/178, loss(avg. on 20 batches: 0.013674695463851094
batch:60/178, loss(avg. on 20 batches: 0.013883601175621152
batch:80/178, loss(avg. on 20 batches: 0.014243197394534945
batch:100/178, loss(avg. on 20 batches: 0.013763538142666221
batch:120/178, loss(avg. on 20 batches: 0.013239354407414795
batch:140/178, loss(avg. on 20 batches: 0.013644025661051273
batch:160/178, loss(avg. on 20 batches: 0.013931829994544388
test result: score: 491.30792236328125, RMSE: 16.634687423706055
best_score_checkpoints saved successfully!
best_RMSE_checkpoints saved successfully!
Epoch: 9
batch:20/178, loss(avg. on 20 batches: 0.01303342878818512
batch:40/178, loss(avg. on 20 batches: 0.01328558917157352
batch:60/178, loss(avg. on 20 batches: 0.01345393811352551
batch:80/178, loss(avg. on 20 batches: 0.013085034443065524
batch:100/178, loss(avg. on 20 batches: 0.013750365190207958
batch:120/178, loss(avg. on 20 batches: 0.013666265737265348
batch:140/178, loss(avg. on 20 batches: 0.013451194670051337
batch:160/178, loss(avg. on 20 batches: 0.01315349480137229
test result: score: 498.65740966796875, RMSE: 17.40656852722168
Epoch: 10
batch:20/178, loss(avg. on 20 batches: 0.013385620107874275
batch:40/178, loss(avg. on 20 batches: 0.01337889120914042
batch:60/178, loss(avg. on 20 batches: 0.012779876356944442
batch:80/178, loss(avg. on 20 batches: 0.013290331372991205
batch:100/178, loss(avg. on 20 batches: 0.01341702537611127
batch:120/178, loss(avg. on 20 batches: 0.013099358370527624
batch:140/178, loss(avg. on 20 batches: 0.012367205880582332
batch:160/178, loss(avg. on 20 batches: 0.012218565586954356
test result: score: 755.8809814453125, RMSE: 17.3392333984375
Epoch: 11
batch:20/178, loss(avg. on 20 batches: 0.012144790403544903
batch:40/178, loss(avg. on 20 batches: 0.012075425451621413
batch:60/178, loss(avg. on 20 batches: 0.012585673294961453
batch:80/178, loss(avg. on 20 batches: 0.012390765780583023
batch:100/178, loss(avg. on 20 batches: 0.0121621775906533
batch:120/178, loss(avg. on 20 batches: 0.01199388517998159
batch:140/178, loss(avg. on 20 batches: 0.012037485744804144
batch:160/178, loss(avg. on 20 batches: 0.012311968812718987
test result: score: 868.1767578125, RMSE: 19.011890411376953
Epoch: 12
batch:20/178, loss(avg. on 20 batches: 0.013025174848735332
batch:40/178, loss(avg. on 20 batches: 0.012012772494927049
batch:60/178, loss(avg. on 20 batches: 0.011964201740920544
batch:80/178, loss(avg. on 20 batches: 0.01261072801426053
batch:100/178, loss(avg. on 20 batches: 0.01198431202210486
batch:120/178, loss(avg. on 20 batches: 0.012223997386172414
batch:140/178, loss(avg. on 20 batches: 0.012076470348984004
batch:160/178, loss(avg. on 20 batches: 0.01212448561564088
test result: score: 658.7867431640625, RMSE: 17.387449264526367
Epoch: 13
batch:20/178, loss(avg. on 20 batches: 0.0113266889937222
batch:40/178, loss(avg. on 20 batches: 0.010803741868585348
batch:60/178, loss(avg. on 20 batches: 0.011284024780616164
batch:80/178, loss(avg. on 20 batches: 0.011423041252419353
batch:100/178, loss(avg. on 20 batches: 0.011390173877589404
batch:120/178, loss(avg. on 20 batches: 0.010774491680786013
batch:140/178, loss(avg. on 20 batches: 0.010908349975943565
batch:160/178, loss(avg. on 20 batches: 0.010722500993870199
test result: score: 713.7249755859375, RMSE: 17.635072708129883
Epoch: 14
batch:20/178, loss(avg. on 20 batches: 0.01183837717399001
batch:40/178, loss(avg. on 20 batches: 0.010352572426199913
batch:60/178, loss(avg. on 20 batches: 0.012345535960048438
batch:80/178, loss(avg. on 20 batches: 0.01054998361505568
batch:100/178, loss(avg. on 20 batches: 0.011401557736098767
batch:120/178, loss(avg. on 20 batches: 0.0113049881067127
batch:140/178, loss(avg. on 20 batches: 0.011115564918145537
batch:160/178, loss(avg. on 20 batches: 0.01138883363455534
test result: score: 402.6815490722656, RMSE: 17.255863189697266
best_score_checkpoints saved successfully!
Epoch: 15
batch:20/178, loss(avg. on 20 batches: 0.011107728979550303
batch:40/178, loss(avg. on 20 batches: 0.01066610284615308
batch:60/178, loss(avg. on 20 batches: 0.011368458857759833
batch:80/178, loss(avg. on 20 batches: 0.011231549712829293
batch:100/178, loss(avg. on 20 batches: 0.011391090555116534
batch:120/178, loss(avg. on 20 batches: 0.011056143906898797
batch:140/178, loss(avg. on 20 batches: 0.010645934310741723
batch:160/178, loss(avg. on 20 batches: 0.01116711706854403
test result: score: 1833.455322265625, RMSE: 22.626930236816406
Epoch: 16
batch:20/178, loss(avg. on 20 batches: 0.01057946307118982
batch:40/178, loss(avg. on 20 batches: 0.01020427756011486
batch:60/178, loss(avg. on 20 batches: 0.010257601924240588
batch:80/178, loss(avg. on 20 batches: 0.010852076020091772
batch:100/178, loss(avg. on 20 batches: 0.010922388732433319
batch:120/178, loss(avg. on 20 batches: 0.010850705206394196
batch:140/178, loss(avg. on 20 batches: 0.010157243208959698
batch:160/178, loss(avg. on 20 batches: 0.010939732287079095
test result: score: 722.6859130859375, RMSE: 18.122051239013672
Epoch: 17
batch:20/178, loss(avg. on 20 batches: 0.009845863794907928
batch:40/178, loss(avg. on 20 batches: 0.010269704903475941
batch:60/178, loss(avg. on 20 batches: 0.011897675087675452
batch:80/178, loss(avg. on 20 batches: 0.010701837483793497
batch:100/178, loss(avg. on 20 batches: 0.010766077879816293
batch:120/178, loss(avg. on 20 batches: 0.011377698369324207
batch:140/178, loss(avg. on 20 batches: 0.01027877051383257
batch:160/178, loss(avg. on 20 batches: 0.010592850903049112
test result: score: 791.0684814453125, RMSE: 17.964841842651367
Epoch: 18
batch:20/178, loss(avg. on 20 batches: 0.009923159703612327
batch:40/178, loss(avg. on 20 batches: 0.010145418671891093
batch:60/178, loss(avg. on 20 batches: 0.0106926808366552
batch:80/178, loss(avg. on 20 batches: 0.009933720342814922
batch:100/178, loss(avg. on 20 batches: 0.010408500395715236
batch:120/178, loss(avg. on 20 batches: 0.00989658823236823
batch:140/178, loss(avg. on 20 batches: 0.010585293732583522
batch:160/178, loss(avg. on 20 batches: 0.010853040451183914
test result: score: 1521.72900390625, RMSE: 21.75494384765625
Epoch: 19
batch:20/178, loss(avg. on 20 batches: 0.010057342005893588
batch:40/178, loss(avg. on 20 batches: 0.00941864203196019
batch:60/178, loss(avg. on 20 batches: 0.009759817644953728
batch:80/178, loss(avg. on 20 batches: 0.009656019788235427
batch:100/178, loss(avg. on 20 batches: 0.010274817352183163
batch:120/178, loss(avg. on 20 batches: 0.009631443675607443
batch:140/178, loss(avg. on 20 batches: 0.0095415044343099
batch:160/178, loss(avg. on 20 batches: 0.009462065575644375
test result: score: 476.0673828125, RMSE: 17.58302879333496
Epoch: 20
batch:20/178, loss(avg. on 20 batches: 0.01064724379684776
batch:40/178, loss(avg. on 20 batches: 0.00954361162148416
batch:60/178, loss(avg. on 20 batches: 0.009854237968102097
batch:80/178, loss(avg. on 20 batches: 0.009433927037753165
batch:100/178, loss(avg. on 20 batches: 0.00888377227820456
batch:120/178, loss(avg. on 20 batches: 0.009787304932251573
batch:140/178, loss(avg. on 20 batches: 0.009540471690706908
batch:160/178, loss(avg. on 20 batches: 0.009127357532270253
test result: score: 1265.1455078125, RMSE: 21.025997161865234
Epoch: 21
batch:20/178, loss(avg. on 20 batches: 0.009572251490317285
batch:40/178, loss(avg. on 20 batches: 0.009396827686578036
batch:60/178, loss(avg. on 20 batches: 0.010338189988397061
batch:80/178, loss(avg. on 20 batches: 0.00900629770476371
batch:100/178, loss(avg. on 20 batches: 0.010024517378769814
batch:120/178, loss(avg. on 20 batches: 0.010040830774232744
batch:140/178, loss(avg. on 20 batches: 0.009882326261140406
batch:160/178, loss(avg. on 20 batches: 0.010155662545002997
test result: score: 707.6425170898438, RMSE: 17.80542755126953
Epoch: 22
batch:20/178, loss(avg. on 20 batches: 0.009423468657769263
batch:40/178, loss(avg. on 20 batches: 0.009261410497128964
batch:60/178, loss(avg. on 20 batches: 0.009478471358306706
batch:80/178, loss(avg. on 20 batches: 0.009426100854761898
batch:100/178, loss(avg. on 20 batches: 0.010355731612071395
batch:120/178, loss(avg. on 20 batches: 0.009250139934010804
batch:140/178, loss(avg. on 20 batches: 0.009678961243480444
batch:160/178, loss(avg. on 20 batches: 0.009452508413232863
test result: score: 743.8973388671875, RMSE: 18.059860229492188
Epoch: 23
batch:20/178, loss(avg. on 20 batches: 0.008779419516213239
batch:40/178, loss(avg. on 20 batches: 0.009496635408140719
batch:60/178, loss(avg. on 20 batches: 0.00936170683708042
batch:80/178, loss(avg. on 20 batches: 0.009785854863002897
batch:100/178, loss(avg. on 20 batches: 0.010473665408790111
batch:120/178, loss(avg. on 20 batches: 0.009619959257543087
batch:140/178, loss(avg. on 20 batches: 0.010679114004597067
batch:160/178, loss(avg. on 20 batches: 0.008628304372541607
test result: score: 594.7525634765625, RMSE: 17.369670867919922
Epoch: 24
batch:20/178, loss(avg. on 20 batches: 0.00840952512808144
batch:40/178, loss(avg. on 20 batches: 0.010089010000228882
batch:60/178, loss(avg. on 20 batches: 0.009272195445373655
batch:80/178, loss(avg. on 20 batches: 0.00874513539019972
batch:100/178, loss(avg. on 20 batches: 0.009183225547894835
batch:120/178, loss(avg. on 20 batches: 0.009488973300904036
batch:140/178, loss(avg. on 20 batches: 0.009236611379310488
batch:160/178, loss(avg. on 20 batches: 0.008787784585729241
test result: score: 463.515625, RMSE: 17.04314422607422
Epoch: 25
batch:20/178, loss(avg. on 20 batches: 0.010145048913545906
batch:40/178, loss(avg. on 20 batches: 0.009292880492284893
batch:60/178, loss(avg. on 20 batches: 0.008843903779052198
batch:80/178, loss(avg. on 20 batches: 0.008999665477313101
batch:100/178, loss(avg. on 20 batches: 0.008628410892561078
batch:120/178, loss(avg. on 20 batches: 0.009665069170296192
batch:140/178, loss(avg. on 20 batches: 0.00952910038176924
batch:160/178, loss(avg. on 20 batches: 0.008296665409579873
test result: score: 636.0489501953125, RMSE: 18.473922729492188
Epoch: 26
batch:20/178, loss(avg. on 20 batches: 0.008341005048714578
batch:40/178, loss(avg. on 20 batches: 0.007977825379930437
batch:60/178, loss(avg. on 20 batches: 0.008515593013726175
batch:80/178, loss(avg. on 20 batches: 0.00943024200387299
batch:100/178, loss(avg. on 20 batches: 0.00855267362203449
batch:120/178, loss(avg. on 20 batches: 0.009330382384359837
batch:140/178, loss(avg. on 20 batches: 0.009229308157227934
batch:160/178, loss(avg. on 20 batches: 0.008810175210237503
test result: score: 813.1815185546875, RMSE: 18.469106674194336
Epoch: 27
batch:20/178, loss(avg. on 20 batches: 0.009082841640338301
batch:40/178, loss(avg. on 20 batches: 0.00898537035100162
batch:60/178, loss(avg. on 20 batches: 0.009297416731715202
batch:80/178, loss(avg. on 20 batches: 0.008466769056394697
batch:100/178, loss(avg. on 20 batches: 0.008681111526675523
batch:120/178, loss(avg. on 20 batches: 0.008984452788718044
batch:140/178, loss(avg. on 20 batches: 0.008531084936112165
batch:160/178, loss(avg. on 20 batches: 0.008313777763396502
test result: score: 1113.10107421875, RMSE: 20.135845184326172
Epoch: 28
batch:20/178, loss(avg. on 20 batches: 0.008354756399057806
batch:40/178, loss(avg. on 20 batches: 0.008412957726977765
batch:60/178, loss(avg. on 20 batches: 0.008452665293589234
batch:80/178, loss(avg. on 20 batches: 0.008675202028825879
batch:100/178, loss(avg. on 20 batches: 0.008506386820226908
batch:120/178, loss(avg. on 20 batches: 0.008178787375800311
batch:140/178, loss(avg. on 20 batches: 0.009495049365796149
batch:160/178, loss(avg. on 20 batches: 0.008261904655955731
test result: score: 625.5132446289062, RMSE: 21.131824493408203
Epoch: 29
batch:20/178, loss(avg. on 20 batches: 0.008722792752087117
batch:40/178, loss(avg. on 20 batches: 0.008433530107140541
batch:60/178, loss(avg. on 20 batches: 0.008654750930145384
batch:80/178, loss(avg. on 20 batches: 0.00841736129950732
batch:100/178, loss(avg. on 20 batches: 0.008938175300136209
batch:120/178, loss(avg. on 20 batches: 0.00831949410494417
batch:140/178, loss(avg. on 20 batches: 0.008691237005405129
batch:160/178, loss(avg. on 20 batches: 0.009470094763673841
test result: score: 1193.85400390625, RMSE: 20.534873962402344
Epoch: 30
batch:20/178, loss(avg. on 20 batches: 0.009136117482557892
batch:40/178, loss(avg. on 20 batches: 0.009227455267682672
batch:60/178, loss(avg. on 20 batches: 0.008301772596314549
batch:80/178, loss(avg. on 20 batches: 0.009024184150621294
batch:100/178, loss(avg. on 20 batches: 0.009052631631493568
batch:120/178, loss(avg. on 20 batches: 0.008550143660977482
batch:140/178, loss(avg. on 20 batches: 0.008365997532382607
batch:160/178, loss(avg. on 20 batches: 0.008452816121280193
test result: score: 919.9070434570312, RMSE: 19.295249938964844
Epoch: 31
batch:20/178, loss(avg. on 20 batches: 0.009276757156476379
batch:40/178, loss(avg. on 20 batches: 0.009303008206188679
batch:60/178, loss(avg. on 20 batches: 0.008733648806810379
batch:80/178, loss(avg. on 20 batches: 0.008801814937032758
batch:100/178, loss(avg. on 20 batches: 0.007856159983202816
batch:120/178, loss(avg. on 20 batches: 0.007596861803904176
batch:140/178, loss(avg. on 20 batches: 0.008278105803765357
batch:160/178, loss(avg. on 20 batches: 0.009172805957496167
test result: score: 3034.021240234375, RMSE: 25.507007598876953
Epoch: 32
batch:20/178, loss(avg. on 20 batches: 0.007923752628266811
batch:40/178, loss(avg. on 20 batches: 0.009406560310162604
batch:60/178, loss(avg. on 20 batches: 0.008516933117061854
batch:80/178, loss(avg. on 20 batches: 0.008288215240463614
batch:100/178, loss(avg. on 20 batches: 0.008106610085815192
batch:120/178, loss(avg. on 20 batches: 0.00854171826504171
batch:140/178, loss(avg. on 20 batches: 0.010113557777367532
batch:160/178, loss(avg. on 20 batches: 0.008795070601627231
test result: score: 1050.2916259765625, RMSE: 19.260957717895508
Epoch: 1
batch:20/178, loss(avg. on 20 batches: 0.13309526666998864
batch:40/178, loss(avg. on 20 batches: 0.0569135308265686
batch:60/178, loss(avg. on 20 batches: 0.04705370124429464
batch:80/178, loss(avg. on 20 batches: 0.041986574325710534
batch:100/178, loss(avg. on 20 batches: 0.035913490876555446
batch:120/178, loss(avg. on 20 batches: 0.03552271164953709
batch:140/178, loss(avg. on 20 batches: 0.03342741252854466
batch:160/178, loss(avg. on 20 batches: 0.03290005046874285
test result: score: 2976.25927734375, RMSE: 21.61697769165039
Epoch: 2
batch:20/178, loss(avg. on 20 batches: 0.028532010968774557
batch:40/178, loss(avg. on 20 batches: 0.0273419969715178
batch:60/178, loss(avg. on 20 batches: 0.026241069938987494
batch:80/178, loss(avg. on 20 batches: 0.027484334632754327
batch:100/178, loss(avg. on 20 batches: 0.02506997911259532
batch:120/178, loss(avg. on 20 batches: 0.024888410978019238
batch:140/178, loss(avg. on 20 batches: 0.023335156496614218
batch:160/178, loss(avg. on 20 batches: 0.023758660722523927
test result: score: 1108.951904296875, RMSE: 19.29417610168457
best_score_checkpoints saved successfully!
best_RMSE_checkpoints saved successfully!
Epoch: 3
batch:20/178, loss(avg. on 20 batches: 0.023116694763302803
batch:40/178, loss(avg. on 20 batches: 0.02150273062288761
batch:60/178, loss(avg. on 20 batches: 0.020511870691552758
batch:80/178, loss(avg. on 20 batches: 0.02183921355754137
batch:100/178, loss(avg. on 20 batches: 0.02092278068885207
batch:120/178, loss(avg. on 20 batches: 0.020501705445349218
batch:140/178, loss(avg. on 20 batches: 0.019781062798574566
batch:160/178, loss(avg. on 20 batches: 0.01988848587498069
test result: score: 743.3883056640625, RMSE: 18.06084632873535
best_score_checkpoints saved successfully!
best_RMSE_checkpoints saved successfully!
Epoch: 4
batch:20/178, loss(avg. on 20 batches: 0.01952001769095659
batch:40/178, loss(avg. on 20 batches: 0.018986603058874608
batch:60/178, loss(avg. on 20 batches: 0.017425538087263704
batch:80/178, loss(avg. on 20 batches: 0.017854908667504787
batch:100/178, loss(avg. on 20 batches: 0.016836390411481262
batch:120/178, loss(avg. on 20 batches: 0.017418995127081872
batch:140/178, loss(avg. on 20 batches: 0.01783827398903668
batch:160/178, loss(avg. on 20 batches: 0.017587641905993222
test result: score: 577.6370849609375, RMSE: 16.963924407958984
best_score_checkpoints saved successfully!
best_RMSE_checkpoints saved successfully!
Epoch: 5
batch:20/178, loss(avg. on 20 batches: 0.016119387932121754
batch:40/178, loss(avg. on 20 batches: 0.016537765646353363
batch:60/178, loss(avg. on 20 batches: 0.016816435009241106
batch:80/178, loss(avg. on 20 batches: 0.01652727471664548
batch:100/178, loss(avg. on 20 batches: 0.016197100980207324
batch:120/178, loss(avg. on 20 batches: 0.015597760397940873
batch:140/178, loss(avg. on 20 batches: 0.01772514320909977
batch:160/178, loss(avg. on 20 batches: 0.015855388762429357
test result: score: 776.3040161132812, RMSE: 17.850181579589844
Epoch: 6
batch:20/178, loss(avg. on 20 batches: 0.015309269027784466
batch:40/178, loss(avg. on 20 batches: 0.015181721933186055
batch:60/178, loss(avg. on 20 batches: 0.015581756411120296
batch:80/178, loss(avg. on 20 batches: 0.015575273381546139
batch:100/178, loss(avg. on 20 batches: 0.01565833678469062
batch:120/178, loss(avg. on 20 batches: 0.014431630726903677
batch:140/178, loss(avg. on 20 batches: 0.016430823924019934
batch:160/178, loss(avg. on 20 batches: 0.014673832943663001
test result: score: 875.696044921875, RMSE: 18.16829490661621
Epoch: 7
batch:20/178, loss(avg. on 20 batches: 0.014339071651920676
batch:40/178, loss(avg. on 20 batches: 0.015285267867147923
batch:60/178, loss(avg. on 20 batches: 0.01540265567600727
batch:80/178, loss(avg. on 20 batches: 0.01421084813773632
batch:100/178, loss(avg. on 20 batches: 0.014048878196626901
batch:120/178, loss(avg. on 20 batches: 0.014789106277748942
batch:140/178, loss(avg. on 20 batches: 0.013896391354501247
batch:160/178, loss(avg. on 20 batches: 0.015564446384087206
test result: score: 730.74462890625, RMSE: 17.508119583129883
Epoch: 8
batch:20/178, loss(avg. on 20 batches: 0.013950909301638604
batch:40/178, loss(avg. on 20 batches: 0.013666878500953317
batch:60/178, loss(avg. on 20 batches: 0.014198131253942847
batch:80/178, loss(avg. on 20 batches: 0.012906536739319564
batch:100/178, loss(avg. on 20 batches: 0.013749186787754298
batch:120/178, loss(avg. on 20 batches: 0.014001218555495142
batch:140/178, loss(avg. on 20 batches: 0.013668838143348693
batch:160/178, loss(avg. on 20 batches: 0.013985675340518356
test result: score: 491.3111572265625, RMSE: 16.256694793701172
best_score_checkpoints saved successfully!
best_RMSE_checkpoints saved successfully!
Epoch: 9
batch:20/178, loss(avg. on 20 batches: 0.013467386830598116
batch:40/178, loss(avg. on 20 batches: 0.013812058279290796
batch:60/178, loss(avg. on 20 batches: 0.013161307154223322
batch:80/178, loss(avg. on 20 batches: 0.013030943740159274
batch:100/178, loss(avg. on 20 batches: 0.01331264921464026
batch:120/178, loss(avg. on 20 batches: 0.013363121589645744
batch:140/178, loss(avg. on 20 batches: 0.012953892489895225
batch:160/178, loss(avg. on 20 batches: 0.014219767460599542
test result: score: 778.929443359375, RMSE: 17.71419906616211
Epoch: 10
batch:20/178, loss(avg. on 20 batches: 0.013376525556668638
batch:40/178, loss(avg. on 20 batches: 0.013083733897656203
batch:60/178, loss(avg. on 20 batches: 0.012837036792188884
batch:80/178, loss(avg. on 20 batches: 0.01320283142849803
batch:100/178, loss(avg. on 20 batches: 0.013753433898091316
batch:120/178, loss(avg. on 20 batches: 0.013192159682512283
batch:140/178, loss(avg. on 20 batches: 0.013439224380999804
batch:160/178, loss(avg. on 20 batches: 0.014186704065650702
test result: score: 755.7279052734375, RMSE: 17.79283905029297
Epoch: 11
batch:20/178, loss(avg. on 20 batches: 0.013754214392974973
batch:40/178, loss(avg. on 20 batches: 0.01247663008980453
batch:60/178, loss(avg. on 20 batches: 0.012966581620275974
batch:80/178, loss(avg. on 20 batches: 0.012357149831950664
batch:100/178, loss(avg. on 20 batches: 0.012346999440342187
batch:120/178, loss(avg. on 20 batches: 0.012833584845066071
batch:140/178, loss(avg. on 20 batches: 0.01168129937723279
batch:160/178, loss(avg. on 20 batches: 0.012955690501257777
test result: score: 464.835693359375, RMSE: 16.151830673217773
best_score_checkpoints saved successfully!
best_RMSE_checkpoints saved successfully!
Epoch: 12
batch:20/178, loss(avg. on 20 batches: 0.012134677218273281
batch:40/178, loss(avg. on 20 batches: 0.011857123719528318
batch:60/178, loss(avg. on 20 batches: 0.012962321052327752
batch:80/178, loss(avg. on 20 batches: 0.012933184579014777
batch:100/178, loss(avg. on 20 batches: 0.012166743353009223
batch:120/178, loss(avg. on 20 batches: 0.01214867967646569
batch:140/178, loss(avg. on 20 batches: 0.012391720013692976
batch:160/178, loss(avg. on 20 batches: 0.012326618656516075
test result: score: 708.983642578125, RMSE: 17.05711555480957
Epoch: 13
batch:20/178, loss(avg. on 20 batches: 0.012010515481233597
batch:40/178, loss(avg. on 20 batches: 0.012522330600768327
batch:60/178, loss(avg. on 20 batches: 0.012609451124444605
batch:80/178, loss(avg. on 20 batches: 0.012291472544893623
batch:100/178, loss(avg. on 20 batches: 0.012365998513996602
batch:120/178, loss(avg. on 20 batches: 0.012029991718009114
batch:140/178, loss(avg. on 20 batches: 0.011778026120737195
batch:160/178, loss(avg. on 20 batches: 0.013033859059214592
test result: score: 622.1134033203125, RMSE: 16.861061096191406
Epoch: 14
batch:20/178, loss(avg. on 20 batches: 0.011609951127320528
batch:40/178, loss(avg. on 20 batches: 0.012156469747424126
batch:60/178, loss(avg. on 20 batches: 0.012716569425538182
batch:80/178, loss(avg. on 20 batches: 0.011958870757371187
batch:100/178, loss(avg. on 20 batches: 0.011848807334899902
batch:120/178, loss(avg. on 20 batches: 0.011639150837436319
batch:140/178, loss(avg. on 20 batches: 0.011770074395462871
batch:160/178, loss(avg. on 20 batches: 0.01112080537714064
test result: score: 660.6142578125, RMSE: 17.202884674072266
Epoch: 15
batch:20/178, loss(avg. on 20 batches: 0.011191333178430796
batch:40/178, loss(avg. on 20 batches: 0.010999243054538966
batch:60/178, loss(avg. on 20 batches: 0.01187741789035499
batch:80/178, loss(avg. on 20 batches: 0.011764465435408055
batch:100/178, loss(avg. on 20 batches: 0.01141081154346466
batch:120/178, loss(avg. on 20 batches: 0.011926294025033712
batch:140/178, loss(avg. on 20 batches: 0.011762156384065747
batch:160/178, loss(avg. on 20 batches: 0.011839566519483924
test result: score: 562.7955322265625, RMSE: 16.683202743530273
Epoch: 16
batch:20/178, loss(avg. on 20 batches: 0.010941526200622321
batch:40/178, loss(avg. on 20 batches: 0.011946944147348404
batch:60/178, loss(avg. on 20 batches: 0.011526099313050509
batch:80/178, loss(avg. on 20 batches: 0.011385055910795926
batch:100/178, loss(avg. on 20 batches: 0.011998679907992481
batch:120/178, loss(avg. on 20 batches: 0.011635580053552984
batch:140/178, loss(avg. on 20 batches: 0.010806148406118155
batch:160/178, loss(avg. on 20 batches: 0.011634864285588265
test result: score: 895.3204345703125, RMSE: 18.435123443603516
Epoch: 17
batch:20/178, loss(avg. on 20 batches: 0.011095581296831369
batch:40/178, loss(avg. on 20 batches: 0.010866082645952702
batch:60/178, loss(avg. on 20 batches: 0.012014896003529429
batch:80/178, loss(avg. on 20 batches: 0.01216430519707501
batch:100/178, loss(avg. on 20 batches: 0.011840063845738769
batch:120/178, loss(avg. on 20 batches: 0.0112129035172984
batch:140/178, loss(avg. on 20 batches: 0.010484214592725038
batch:160/178, loss(avg. on 20 batches: 0.011256149457767605
test result: score: 759.1319580078125, RMSE: 17.413267135620117
Epoch: 18
batch:20/178, loss(avg. on 20 batches: 0.011047966172918677
batch:40/178, loss(avg. on 20 batches: 0.010077976225875317
batch:60/178, loss(avg. on 20 batches: 0.011334442347288132
batch:80/178, loss(avg. on 20 batches: 0.010639959783293306
batch:100/178, loss(avg. on 20 batches: 0.011358533520251513
batch:120/178, loss(avg. on 20 batches: 0.011248753778636456
batch:140/178, loss(avg. on 20 batches: 0.010525577515363694
batch:160/178, loss(avg. on 20 batches: 0.010871313977986574
test result: score: 835.828125, RMSE: 18.343427658081055
Epoch: 19
batch:20/178, loss(avg. on 20 batches: 0.01060127227101475
batch:40/178, loss(avg. on 20 batches: 0.010677236504852772
batch:60/178, loss(avg. on 20 batches: 0.011919710924848914
batch:80/178, loss(avg. on 20 batches: 0.011774190934374928
batch:100/178, loss(avg. on 20 batches: 0.010803432203829288
batch:120/178, loss(avg. on 20 batches: 0.011490041064098478
batch:140/178, loss(avg. on 20 batches: 0.010891099739819766
batch:160/178, loss(avg. on 20 batches: 0.01082148696295917
test result: score: 760.2312622070312, RMSE: 17.92766571044922
Epoch: 20
batch:20/178, loss(avg. on 20 batches: 0.01130967792123556
batch:40/178, loss(avg. on 20 batches: 0.011094965087249876
batch:60/178, loss(avg. on 20 batches: 0.010494061885401607
batch:80/178, loss(avg. on 20 batches: 0.009995197388343513
batch:100/178, loss(avg. on 20 batches: 0.011424794490449131
batch:120/178, loss(avg. on 20 batches: 0.012069871369749307
batch:140/178, loss(avg. on 20 batches: 0.01055819382891059
batch:160/178, loss(avg. on 20 batches: 0.010206093732267617
test result: score: 938.0850830078125, RMSE: 18.265697479248047
Epoch: 21
batch:20/178, loss(avg. on 20 batches: 0.010375540959648788
batch:40/178, loss(avg. on 20 batches: 0.010028533940203487
batch:60/178, loss(avg. on 20 batches: 0.010607681423425674
batch:80/178, loss(avg. on 20 batches: 0.010469267005100846
batch:100/178, loss(avg. on 20 batches: 0.009759110258892178
batch:120/178, loss(avg. on 20 batches: 0.010434748674742877
batch:140/178, loss(avg. on 20 batches: 0.010416642343625427
batch:160/178, loss(avg. on 20 batches: 0.009848916181363165
test result: score: 1069.720947265625, RMSE: 18.703947067260742
Epoch: 22
batch:20/178, loss(avg. on 20 batches: 0.00998900313861668
batch:40/178, loss(avg. on 20 batches: 0.009603939182125033
batch:60/178, loss(avg. on 20 batches: 0.010706337261945009
batch:80/178, loss(avg. on 20 batches: 0.01024194557685405
batch:100/178, loss(avg. on 20 batches: 0.010636618174612523
batch:120/178, loss(avg. on 20 batches: 0.009929832676425577
batch:140/178, loss(avg. on 20 batches: 0.010832124017179012
batch:160/178, loss(avg. on 20 batches: 0.010372379655018448
test result: score: 592.9256591796875, RMSE: 17.316085815429688
Epoch: 23
batch:20/178, loss(avg. on 20 batches: 0.010021578148007393
batch:40/178, loss(avg. on 20 batches: 0.010803521098569035
batch:60/178, loss(avg. on 20 batches: 0.0102679607225582
batch:80/178, loss(avg. on 20 batches: 0.010162933939136564
batch:100/178, loss(avg. on 20 batches: 0.009765084460377693
batch:120/178, loss(avg. on 20 batches: 0.010529207298532128
batch:140/178, loss(avg. on 20 batches: 0.010491752158850431
batch:160/178, loss(avg. on 20 batches: 0.00968992174603045
test result: score: 1621.7060546875, RMSE: 20.589693069458008
Epoch: 24
batch:20/178, loss(avg. on 20 batches: 0.010073302523232996
batch:40/178, loss(avg. on 20 batches: 0.009404018917120994
batch:60/178, loss(avg. on 20 batches: 0.011126602278091013
batch:80/178, loss(avg. on 20 batches: 0.010428834054619075
batch:100/178, loss(avg. on 20 batches: 0.009897850989364087
batch:120/178, loss(avg. on 20 batches: 0.009907449944876134
batch:140/178, loss(avg. on 20 batches: 0.0098021958488971
batch:160/178, loss(avg. on 20 batches: 0.009882643795572221
test result: score: 1049.10888671875, RMSE: 18.559446334838867
Epoch: 25
batch:20/178, loss(avg. on 20 batches: 0.00909190159291029
batch:40/178, loss(avg. on 20 batches: 0.009937889687716962
batch:60/178, loss(avg. on 20 batches: 0.009614959661848842
batch:80/178, loss(avg. on 20 batches: 0.009976876201108098
batch:100/178, loss(avg. on 20 batches: 0.011014073551632465
batch:120/178, loss(avg. on 20 batches: 0.010177712701261044
batch:140/178, loss(avg. on 20 batches: 0.009820604557171464
batch:160/178, loss(avg. on 20 batches: 0.010659872950054706
test result: score: 1411.8876953125, RMSE: 20.13869857788086
Epoch: 26
batch:20/178, loss(avg. on 20 batches: 0.00968243924435228
batch:40/178, loss(avg. on 20 batches: 0.009252799465321005
batch:60/178, loss(avg. on 20 batches: 0.010833231941796839
batch:80/178, loss(avg. on 20 batches: 0.010235552210360765
batch:100/178, loss(avg. on 20 batches: 0.009315888560377062
batch:120/178, loss(avg. on 20 batches: 0.010482141701504587
batch:140/178, loss(avg. on 20 batches: 0.009884830797091126
batch:160/178, loss(avg. on 20 batches: 0.010261816368438304
test result: score: 1031.607666015625, RMSE: 19.209184646606445
Epoch: 27
batch:20/178, loss(avg. on 20 batches: 0.009682769188657403
batch:40/178, loss(avg. on 20 batches: 0.010226548137143254
batch:60/178, loss(avg. on 20 batches: 0.00975416018627584
batch:80/178, loss(avg. on 20 batches: 0.009312310768291355
batch:100/178, loss(avg. on 20 batches: 0.009244342683814466
batch:120/178, loss(avg. on 20 batches: 0.00970981891732663
batch:140/178, loss(avg. on 20 batches: 0.009516258677467703
batch:160/178, loss(avg. on 20 batches: 0.009855125448666513
test result: score: 1301.480712890625, RMSE: 20.22179412841797
Epoch: 28
batch:20/178, loss(avg. on 20 batches: 0.010264603979885578
batch:40/178, loss(avg. on 20 batches: 0.009031350002624094
batch:60/178, loss(avg. on 20 batches: 0.009316321345977485
batch:80/178, loss(avg. on 20 batches: 0.009888861142098904
batch:100/178, loss(avg. on 20 batches: 0.00938370821531862
batch:120/178, loss(avg. on 20 batches: 0.009651992213912308
batch:140/178, loss(avg. on 20 batches: 0.009082546830177307
batch:160/178, loss(avg. on 20 batches: 0.0097589309560135
test result: score: 3064.65869140625, RMSE: 25.26034164428711
Epoch: 29
batch:20/178, loss(avg. on 20 batches: 0.009509363840334118
batch:40/178, loss(avg. on 20 batches: 0.009212403651326894
batch:60/178, loss(avg. on 20 batches: 0.009481704607605935
batch:80/178, loss(avg. on 20 batches: 0.009347803331911564
batch:100/178, loss(avg. on 20 batches: 0.00953063410706818
batch:120/178, loss(avg. on 20 batches: 0.00976270141545683
batch:140/178, loss(avg. on 20 batches: 0.008793837041594088
batch:160/178, loss(avg. on 20 batches: 0.009370900969952346
test result: score: 2118.13330078125, RMSE: 23.343109130859375
Epoch: 30
batch:20/178, loss(avg. on 20 batches: 0.009108822117559612
batch:40/178, loss(avg. on 20 batches: 0.008629720285534858
batch:60/178, loss(avg. on 20 batches: 0.009155617724172772
batch:80/178, loss(avg. on 20 batches: 0.009149804315529763
batch:100/178, loss(avg. on 20 batches: 0.009673084178939462
batch:120/178, loss(avg. on 20 batches: 0.009739732136949897
batch:140/178, loss(avg. on 20 batches: 0.010253555723465979
batch:160/178, loss(avg. on 20 batches: 0.009231930482201278
test result: score: 524.7093505859375, RMSE: 17.62508773803711
Epoch: 31
batch:20/178, loss(avg. on 20 batches: 0.009103344194591046
batch:40/178, loss(avg. on 20 batches: 0.009647904150187969
batch:60/178, loss(avg. on 20 batches: 0.008957823389209807
batch:80/178, loss(avg. on 20 batches: 0.00872508476022631
batch:100/178, loss(avg. on 20 batches: 0.008308305917307735
batch:120/178, loss(avg. on 20 batches: 0.009124963963404297
batch:140/178, loss(avg. on 20 batches: 0.009561997163109482
batch:160/178, loss(avg. on 20 batches: 0.008693837095052004
test result: score: 475.654541015625, RMSE: 16.626667022705078
Epoch: 32
batch:20/178, loss(avg. on 20 batches: 0.00897916427347809
batch:40/178, loss(avg. on 20 batches: 0.01036315991077572
batch:60/178, loss(avg. on 20 batches: 0.009339417307637632
batch:80/178, loss(avg. on 20 batches: 0.009039684338495136
batch:100/178, loss(avg. on 20 batches: 0.010072207590565086
batch:120/178, loss(avg. on 20 batches: 0.009171171649359166
batch:140/178, loss(avg. on 20 batches: 0.009154365374706685
batch:160/178, loss(avg. on 20 batches: 0.008746839896775781
test result: score: 2257.221923828125, RMSE: 22.856550216674805
Epoch: 1
batch:20/178, loss(avg. on 20 batches: 0.2715142510831356
batch:40/178, loss(avg. on 20 batches: 0.08291822504252196
batch:60/178, loss(avg. on 20 batches: 0.0630430519580841
batch:80/178, loss(avg. on 20 batches: 0.05638685692101717
batch:100/178, loss(avg. on 20 batches: 0.05023959930986166
batch:120/178, loss(avg. on 20 batches: 0.044852583296597005
batch:140/178, loss(avg. on 20 batches: 0.043554683309048416
batch:160/178, loss(avg. on 20 batches: 0.038146883342415096
test result: score: 2456.902587890625, RMSE: 25.177051544189453
Epoch: 2
batch:20/178, loss(avg. on 20 batches: 0.03394035575911403
batch:40/178, loss(avg. on 20 batches: 0.03440128481015563
batch:60/178, loss(avg. on 20 batches: 0.031095753237605096
batch:80/178, loss(avg. on 20 batches: 0.03281586430966854
batch:100/178, loss(avg. on 20 batches: 0.028058860916644335
batch:120/178, loss(avg. on 20 batches: 0.028260141704231502
batch:140/178, loss(avg. on 20 batches: 0.02764276824891567
batch:160/178, loss(avg. on 20 batches: 0.02649999428540468
test result: score: 724.7196044921875, RMSE: 18.926929473876953
best_score_checkpoints saved successfully!
best_RMSE_checkpoints saved successfully!
Epoch: 3
batch:20/178, loss(avg. on 20 batches: 0.023719049617648126
batch:40/178, loss(avg. on 20 batches: 0.023640142101794482
batch:60/178, loss(avg. on 20 batches: 0.023246895521879196
batch:80/178, loss(avg. on 20 batches: 0.022593905311077835
batch:100/178, loss(avg. on 20 batches: 0.02151817539706826
batch:120/178, loss(avg. on 20 batches: 0.021066405158489943
batch:140/178, loss(avg. on 20 batches: 0.019904227275401355
batch:160/178, loss(avg. on 20 batches: 0.019773830007761718
test result: score: 779.8172607421875, RMSE: 17.97150421142578
best_RMSE_checkpoints saved successfully!
Epoch: 4
batch:20/178, loss(avg. on 20 batches: 0.020157895889133214
batch:40/178, loss(avg. on 20 batches: 0.018968925159424544
batch:60/178, loss(avg. on 20 batches: 0.018906504148617387
batch:80/178, loss(avg. on 20 batches: 0.018938154540956022
batch:100/178, loss(avg. on 20 batches: 0.017750196531414984
batch:120/178, loss(avg. on 20 batches: 0.01684518624097109
batch:140/178, loss(avg. on 20 batches: 0.0175080431625247
batch:160/178, loss(avg. on 20 batches: 0.018140062782913448
test result: score: 890.1923828125, RMSE: 18.12123680114746
Epoch: 5
batch:20/178, loss(avg. on 20 batches: 0.016733635403215884
batch:40/178, loss(avg. on 20 batches: 0.016874440805986525
batch:60/178, loss(avg. on 20 batches: 0.017521588876843453
batch:80/178, loss(avg. on 20 batches: 0.016618265630677344
batch:100/178, loss(avg. on 20 batches: 0.016689469572156668
batch:120/178, loss(avg. on 20 batches: 0.015691216662526132
batch:140/178, loss(avg. on 20 batches: 0.01681135674007237
batch:160/178, loss(avg. on 20 batches: 0.015332272369414568
test result: score: 930.546875, RMSE: 18.471052169799805
Epoch: 6
batch:20/178, loss(avg. on 20 batches: 0.016089356038719416
batch:40/178, loss(avg. on 20 batches: 0.0151135568972677
batch:60/178, loss(avg. on 20 batches: 0.015302685601636768
batch:80/178, loss(avg. on 20 batches: 0.0152655606623739
batch:100/178, loss(avg. on 20 batches: 0.015683214645832777
batch:120/178, loss(avg. on 20 batches: 0.014627040596678853
batch:140/178, loss(avg. on 20 batches: 0.013951691845431925
batch:160/178, loss(avg. on 20 batches: 0.013602061709389091
test result: score: 713.2589111328125, RMSE: 16.961545944213867
best_score_checkpoints saved successfully!
best_RMSE_checkpoints saved successfully!
Epoch: 7
batch:20/178, loss(avg. on 20 batches: 0.013919699564576149
batch:40/178, loss(avg. on 20 batches: 0.013907114043831825
batch:60/178, loss(avg. on 20 batches: 0.014924213476479053
batch:80/178, loss(avg. on 20 batches: 0.013472122047096491
batch:100/178, loss(avg. on 20 batches: 0.014125754917040467
batch:120/178, loss(avg. on 20 batches: 0.014000132121145726
batch:140/178, loss(avg. on 20 batches: 0.014894011756405234
batch:160/178, loss(avg. on 20 batches: 0.014316489128395915
test result: score: 1150.935302734375, RMSE: 18.418275833129883
Epoch: 8
batch:20/178, loss(avg. on 20 batches: 0.014295116579160095
batch:40/178, loss(avg. on 20 batches: 0.014471660647541285
batch:60/178, loss(avg. on 20 batches: 0.012989895464852453
batch:80/178, loss(avg. on 20 batches: 0.012915107375010847
batch:100/178, loss(avg. on 20 batches: 0.013421531580388547
batch:120/178, loss(avg. on 20 batches: 0.013555352482944727
batch:140/178, loss(avg. on 20 batches: 0.01429696730338037
batch:160/178, loss(avg. on 20 batches: 0.014496874436736107
test result: score: 688.6671142578125, RMSE: 16.797382354736328
best_score_checkpoints saved successfully!
best_RMSE_checkpoints saved successfully!
Epoch: 9
batch:20/178, loss(avg. on 20 batches: 0.01322901388630271
batch:40/178, loss(avg. on 20 batches: 0.013232903694733978
batch:60/178, loss(avg. on 20 batches: 0.01343164462596178
batch:80/178, loss(avg. on 20 batches: 0.014995533227920532
batch:100/178, loss(avg. on 20 batches: 0.013659909390844405
batch:120/178, loss(avg. on 20 batches: 0.012963923579081892
batch:140/178, loss(avg. on 20 batches: 0.012587313912808895
batch:160/178, loss(avg. on 20 batches: 0.012930102925747634
test result: score: 605.6204833984375, RMSE: 17.026994705200195
best_score_checkpoints saved successfully!
Epoch: 10
batch:20/178, loss(avg. on 20 batches: 0.012176414486020803
batch:40/178, loss(avg. on 20 batches: 0.013013362558558584
batch:60/178, loss(avg. on 20 batches: 0.012996275117620826
batch:80/178, loss(avg. on 20 batches: 0.01272606891579926
batch:100/178, loss(avg. on 20 batches: 0.013934305030852556
batch:120/178, loss(avg. on 20 batches: 0.012847922882065177
batch:140/178, loss(avg. on 20 batches: 0.012503072200343014
batch:160/178, loss(avg. on 20 batches: 0.011919991299510001
test result: score: 608.8970947265625, RMSE: 16.81641387939453
Epoch: 11
batch:20/178, loss(avg. on 20 batches: 0.013412106921896339
batch:40/178, loss(avg. on 20 batches: 0.01361400403548032
batch:60/178, loss(avg. on 20 batches: 0.012658730568364262
batch:80/178, loss(avg. on 20 batches: 0.013456288632005453
batch:100/178, loss(avg. on 20 batches: 0.013418419542722404
batch:120/178, loss(avg. on 20 batches: 0.012984610814601182
batch:140/178, loss(avg. on 20 batches: 0.012386737391352654
batch:160/178, loss(avg. on 20 batches: 0.012954493472352623
test result: score: 899.006591796875, RMSE: 17.996173858642578
Epoch: 12
batch:20/178, loss(avg. on 20 batches: 0.012133526802062988
batch:40/178, loss(avg. on 20 batches: 0.011896326043643057
batch:60/178, loss(avg. on 20 batches: 0.012720579421147704
batch:80/178, loss(avg. on 20 batches: 0.01278147604316473
batch:100/178, loss(avg. on 20 batches: 0.012250545527786016
batch:120/178, loss(avg. on 20 batches: 0.01241669449955225
batch:140/178, loss(avg. on 20 batches: 0.011849494371563195
batch:160/178, loss(avg. on 20 batches: 0.012599408300593496
test result: score: 888.18798828125, RMSE: 17.73405647277832
Epoch: 13
batch:20/178, loss(avg. on 20 batches: 0.01203372715972364
batch:40/178, loss(avg. on 20 batches: 0.013730968767777085
batch:60/178, loss(avg. on 20 batches: 0.012115998612716793
batch:80/178, loss(avg. on 20 batches: 0.012313334783539177
batch:100/178, loss(avg. on 20 batches: 0.012080886075273157
batch:120/178, loss(avg. on 20 batches: 0.011569465533830226
batch:140/178, loss(avg. on 20 batches: 0.012347120884805917
batch:160/178, loss(avg. on 20 batches: 0.01198538220487535
test result: score: 2283.537109375, RMSE: 22.757944107055664
Epoch: 14
batch:20/178, loss(avg. on 20 batches: 0.012310183048248291
batch:40/178, loss(avg. on 20 batches: 0.012487308401614428
batch:60/178, loss(avg. on 20 batches: 0.011996791046112776
batch:80/178, loss(avg. on 20 batches: 0.011459166230633856
batch:100/178, loss(avg. on 20 batches: 0.011976625956594943
batch:120/178, loss(avg. on 20 batches: 0.012006626697257161
batch:140/178, loss(avg. on 20 batches: 0.011936670076102019
batch:160/178, loss(avg. on 20 batches: 0.011513348203152418
test result: score: 806.48681640625, RMSE: 17.936418533325195
Epoch: 15
batch:20/178, loss(avg. on 20 batches: 0.012417040020227432
batch:40/178, loss(avg. on 20 batches: 0.011917280638590455
batch:60/178, loss(avg. on 20 batches: 0.011613549245521427
batch:80/178, loss(avg. on 20 batches: 0.011781757697463036
batch:100/178, loss(avg. on 20 batches: 0.01229634410701692
batch:120/178, loss(avg. on 20 batches: 0.01174610573798418
batch:140/178, loss(avg. on 20 batches: 0.01246251268312335
batch:160/178, loss(avg. on 20 batches: 0.011076908581890166
test result: score: 1128.559814453125, RMSE: 19.835079193115234
Epoch: 16
batch:20/178, loss(avg. on 20 batches: 0.010438313311897218
batch:40/178, loss(avg. on 20 batches: 0.012194424448534847
batch:60/178, loss(avg. on 20 batches: 0.0124685809481889
batch:80/178, loss(avg. on 20 batches: 0.010845700511708856
batch:100/178, loss(avg. on 20 batches: 0.010758362663909792
batch:120/178, loss(avg. on 20 batches: 0.010750437714159488
batch:140/178, loss(avg. on 20 batches: 0.01116315454710275
batch:160/178, loss(avg. on 20 batches: 0.011286686500534415
test result: score: 2631.86181640625, RMSE: 22.095531463623047
Epoch: 17
batch:20/178, loss(avg. on 20 batches: 0.011597820930182934
batch:40/178, loss(avg. on 20 batches: 0.011321578570641578
batch:60/178, loss(avg. on 20 batches: 0.011261726985685528
batch:80/178, loss(avg. on 20 batches: 0.011778321629390121
batch:100/178, loss(avg. on 20 batches: 0.01200925474986434
batch:120/178, loss(avg. on 20 batches: 0.011497142352163791
batch:140/178, loss(avg. on 20 batches: 0.011072812229394912
batch:160/178, loss(avg. on 20 batches: 0.009979578200727701
test result: score: 679.1030883789062, RMSE: 17.911174774169922
Epoch: 18
batch:20/178, loss(avg. on 20 batches: 0.009794558747671545
batch:40/178, loss(avg. on 20 batches: 0.010844386904500425
batch:60/178, loss(avg. on 20 batches: 0.01114845967385918
batch:80/178, loss(avg. on 20 batches: 0.010819491208530962
batch:100/178, loss(avg. on 20 batches: 0.011457305354997515
batch:120/178, loss(avg. on 20 batches: 0.010787372663617133
batch:140/178, loss(avg. on 20 batches: 0.010781149286776781
batch:160/178, loss(avg. on 20 batches: 0.010660375957377255
test result: score: 580.538330078125, RMSE: 18.812002182006836
best_score_checkpoints saved successfully!
Epoch: 19
batch:20/178, loss(avg. on 20 batches: 0.0105382771929726
batch:40/178, loss(avg. on 20 batches: 0.011793410032987594
batch:60/178, loss(avg. on 20 batches: 0.010999045614153147
batch:80/178, loss(avg. on 20 batches: 0.011697717942297459
batch:100/178, loss(avg. on 20 batches: 0.011097496887668968
batch:120/178, loss(avg. on 20 batches: 0.011134821712039411
batch:140/178, loss(avg. on 20 batches: 0.010374197992496193
batch:160/178, loss(avg. on 20 batches: 0.010097689810208976
test result: score: 1814.75146484375, RMSE: 20.68830108642578
Epoch: 20
batch:20/178, loss(avg. on 20 batches: 0.00992008310277015
batch:40/178, loss(avg. on 20 batches: 0.00974203427322209
batch:60/178, loss(avg. on 20 batches: 0.011145331780426204
batch:80/178, loss(avg. on 20 batches: 0.011356407776474953
batch:100/178, loss(avg. on 20 batches: 0.009673379315063357
batch:120/178, loss(avg. on 20 batches: 0.010712595516815781
batch:140/178, loss(avg. on 20 batches: 0.010803232342004776
batch:160/178, loss(avg. on 20 batches: 0.010531845921650528
test result: score: 993.23486328125, RMSE: 19.118181228637695
Epoch: 21
batch:20/178, loss(avg. on 20 batches: 0.010463494737632573
batch:40/178, loss(avg. on 20 batches: 0.0099361018743366
batch:60/178, loss(avg. on 20 batches: 0.010146400984376669
batch:80/178, loss(avg. on 20 batches: 0.010277862544171512
batch:100/178, loss(avg. on 20 batches: 0.010366522427648305
batch:120/178, loss(avg. on 20 batches: 0.010496100597083568
batch:140/178, loss(avg. on 20 batches: 0.010252008447423577
batch:160/178, loss(avg. on 20 batches: 0.01005272609181702
test result: score: 647.6531372070312, RMSE: 17.43401527404785
Epoch: 22
batch:20/178, loss(avg. on 20 batches: 0.010656664660200477
batch:40/178, loss(avg. on 20 batches: 0.010243199253454804
batch:60/178, loss(avg. on 20 batches: 0.00964219516608864
batch:80/178, loss(avg. on 20 batches: 0.010194240091368555
batch:100/178, loss(avg. on 20 batches: 0.01009741227608174
batch:120/178, loss(avg. on 20 batches: 0.009305324265733361
batch:140/178, loss(avg. on 20 batches: 0.010206517111510039
batch:160/178, loss(avg. on 20 batches: 0.010479803849011659
test result: score: 631.2429809570312, RMSE: 17.749666213989258
Epoch: 23
batch:20/178, loss(avg. on 20 batches: 0.009884184249676764
batch:40/178, loss(avg. on 20 batches: 0.009067320171743632
batch:60/178, loss(avg. on 20 batches: 0.009222287777811288
batch:80/178, loss(avg. on 20 batches: 0.009866034798324107
batch:100/178, loss(avg. on 20 batches: 0.009868108527734875
batch:120/178, loss(avg. on 20 batches: 0.009686456969939172
batch:140/178, loss(avg. on 20 batches: 0.010724815563298762
batch:160/178, loss(avg. on 20 batches: 0.010132324625737965
test result: score: 2511.26025390625, RMSE: 24.99443817138672
Epoch: 24
batch:20/178, loss(avg. on 20 batches: 0.010511251771822572
batch:40/178, loss(avg. on 20 batches: 0.009898562799207866
batch:60/178, loss(avg. on 20 batches: 0.00981565082911402
batch:80/178, loss(avg. on 20 batches: 0.009237532992847264
batch:100/178, loss(avg. on 20 batches: 0.009123992430977524
batch:120/178, loss(avg. on 20 batches: 0.010087255830876529
batch:140/178, loss(avg. on 20 batches: 0.009520992077887059
batch:160/178, loss(avg. on 20 batches: 0.010456874454393982
test result: score: 709.6290893554688, RMSE: 17.550752639770508
Epoch: 25
batch:20/178, loss(avg. on 20 batches: 0.009963730652816593
batch:40/178, loss(avg. on 20 batches: 0.009810862294398249
batch:60/178, loss(avg. on 20 batches: 0.009895405964925885
batch:80/178, loss(avg. on 20 batches: 0.01092478707432747
batch:100/178, loss(avg. on 20 batches: 0.009370131441392005
batch:120/178, loss(avg. on 20 batches: 0.009561538323760032
batch:140/178, loss(avg. on 20 batches: 0.010067205131053924
batch:160/178, loss(avg. on 20 batches: 0.00936166865285486
test result: score: 644.1375732421875, RMSE: 21.814258575439453
Epoch: 26
batch:20/178, loss(avg. on 20 batches: 0.010130808991380035
batch:40/178, loss(avg. on 20 batches: 0.008922202186658979
batch:60/178, loss(avg. on 20 batches: 0.010873800492845476
batch:80/178, loss(avg. on 20 batches: 0.00983187963720411
batch:100/178, loss(avg. on 20 batches: 0.009039037954062223
batch:120/178, loss(avg. on 20 batches: 0.009867638628929854
batch:140/178, loss(avg. on 20 batches: 0.009782621334306896
batch:160/178, loss(avg. on 20 batches: 0.009621683089062572
test result: score: 1679.07373046875, RMSE: 22.437721252441406
Epoch: 27
batch:20/178, loss(avg. on 20 batches: 0.009028144599869847
batch:40/178, loss(avg. on 20 batches: 0.00934902559965849
batch:60/178, loss(avg. on 20 batches: 0.008662511711008847
batch:80/178, loss(avg. on 20 batches: 0.009350209916010498
batch:100/178, loss(avg. on 20 batches: 0.009926716494373978
batch:120/178, loss(avg. on 20 batches: 0.008450648887082935
batch:140/178, loss(avg. on 20 batches: 0.008919519768096507
batch:160/178, loss(avg. on 20 batches: 0.009295810526236892
test result: score: 704.0567626953125, RMSE: 17.70040512084961
Epoch: 28
batch:20/178, loss(avg. on 20 batches: 0.010285733896307648
batch:40/178, loss(avg. on 20 batches: 0.008778756228275597
batch:60/178, loss(avg. on 20 batches: 0.009315856010653078
batch:80/178, loss(avg. on 20 batches: 0.009926323127001525
batch:100/178, loss(avg. on 20 batches: 0.009813031693920494
batch:120/178, loss(avg. on 20 batches: 0.009690963639877736
batch:140/178, loss(avg. on 20 batches: 0.009733136696740984
batch:160/178, loss(avg. on 20 batches: 0.009624574263580144
test result: score: 980.2275390625, RMSE: 20.297300338745117
Epoch: 29
batch:20/178, loss(avg. on 20 batches: 0.009602293814532458
batch:40/178, loss(avg. on 20 batches: 0.008586712391115725
batch:60/178, loss(avg. on 20 batches: 0.00949105063918978
batch:80/178, loss(avg. on 20 batches: 0.008488869294524193
batch:100/178, loss(avg. on 20 batches: 0.009059655922465026
batch:120/178, loss(avg. on 20 batches: 0.00916427280753851
batch:140/178, loss(avg. on 20 batches: 0.008775461744517089
batch:160/178, loss(avg. on 20 batches: 0.0094581302953884
test result: score: 2965.33740234375, RMSE: 22.470773696899414
Epoch: 30
batch:20/178, loss(avg. on 20 batches: 0.008981431764550508
batch:40/178, loss(avg. on 20 batches: 0.009468684438616037
batch:60/178, loss(avg. on 20 batches: 0.008755962015129626
batch:80/178, loss(avg. on 20 batches: 0.008880635257810354
batch:100/178, loss(avg. on 20 batches: 0.009333586087450385
batch:120/178, loss(avg. on 20 batches: 0.00865696689579636
batch:140/178, loss(avg. on 20 batches: 0.008772661630064248
batch:160/178, loss(avg. on 20 batches: 0.008851927611976862
test result: score: 2517.43408203125, RMSE: 23.392257690429688
Epoch: 31
batch:20/178, loss(avg. on 20 batches: 0.008711992995813489
batch:40/178, loss(avg. on 20 batches: 0.008809792040847243
batch:60/178, loss(avg. on 20 batches: 0.009283571760170162
batch:80/178, loss(avg. on 20 batches: 0.00951276789419353
batch:100/178, loss(avg. on 20 batches: 0.009093699930235743
batch:120/178, loss(avg. on 20 batches: 0.008433610154315829
batch:140/178, loss(avg. on 20 batches: 0.00876581824850291
batch:160/178, loss(avg. on 20 batches: 0.009267658949829638
test result: score: 1625.741943359375, RMSE: 20.360475540161133
Epoch: 32
batch:20/178, loss(avg. on 20 batches: 0.009770850022323429
batch:40/178, loss(avg. on 20 batches: 0.00894193137064576
batch:60/178, loss(avg. on 20 batches: 0.009401903650723398
batch:80/178, loss(avg. on 20 batches: 0.008060053852386773
batch:100/178, loss(avg. on 20 batches: 0.008560490608215333
batch:120/178, loss(avg. on 20 batches: 0.00874890829436481
batch:140/178, loss(avg. on 20 batches: 0.008245342620648443
batch:160/178, loss(avg. on 20 batches: 0.008509956765919924
test result: score: 1994.211181640625, RMSE: 22.958356857299805
Epoch: 1
batch:20/178, loss(avg. on 20 batches: 0.47123610489070417
batch:40/178, loss(avg. on 20 batches: 0.0968824304640293
batch:60/178, loss(avg. on 20 batches: 0.06391349360346794
batch:80/178, loss(avg. on 20 batches: 0.051596872694790366
batch:100/178, loss(avg. on 20 batches: 0.04646185711026192
batch:120/178, loss(avg. on 20 batches: 0.045749297831207514
batch:140/178, loss(avg. on 20 batches: 0.04008454419672489
batch:160/178, loss(avg. on 20 batches: 0.03668702905997634
test result: score: 1991.572509765625, RMSE: 24.305404663085938
Epoch: 2
batch:20/178, loss(avg. on 20 batches: 0.03484623022377491
batch:40/178, loss(avg. on 20 batches: 0.03511672103777528
batch:60/178, loss(avg. on 20 batches: 0.032416473049670456
batch:80/178, loss(avg. on 20 batches: 0.03074176562950015
batch:100/178, loss(avg. on 20 batches: 0.02918090410530567
batch:120/178, loss(avg. on 20 batches: 0.03041930552572012
batch:140/178, loss(avg. on 20 batches: 0.027256410196423532
batch:160/178, loss(avg. on 20 batches: 0.028451368678361177
test result: score: 1217.69287109375, RMSE: 21.08174705505371
best_score_checkpoints saved successfully!
best_RMSE_checkpoints saved successfully!
Epoch: 3
batch:20/178, loss(avg. on 20 batches: 0.02643115120008588
batch:40/178, loss(avg. on 20 batches: 0.023783374950289725
batch:60/178, loss(avg. on 20 batches: 0.02456520413979888
batch:80/178, loss(avg. on 20 batches: 0.02454536436125636
batch:100/178, loss(avg. on 20 batches: 0.024762631766498087
batch:120/178, loss(avg. on 20 batches: 0.02333875438198447
batch:140/178, loss(avg. on 20 batches: 0.02117322329431772
batch:160/178, loss(avg. on 20 batches: 0.02266457714140415
test result: score: 1209.515869140625, RMSE: 20.1446475982666
best_score_checkpoints saved successfully!
best_RMSE_checkpoints saved successfully!
Epoch: 4
batch:20/178, loss(avg. on 20 batches: 0.020881033036857843
batch:40/178, loss(avg. on 20 batches: 0.021742162108421326
batch:60/178, loss(avg. on 20 batches: 0.021486175898462533
batch:80/178, loss(avg. on 20 batches: 0.019928642828017474
batch:100/178, loss(avg. on 20 batches: 0.02001800839789212
batch:120/178, loss(avg. on 20 batches: 0.01929866475984454
batch:140/178, loss(avg. on 20 batches: 0.020035453839227557
batch:160/178, loss(avg. on 20 batches: 0.019756512064486743
test result: score: 874.43701171875, RMSE: 18.406837463378906
best_score_checkpoints saved successfully!
best_RMSE_checkpoints saved successfully!
Epoch: 5
batch:20/178, loss(avg. on 20 batches: 0.01885160361416638
batch:40/178, loss(avg. on 20 batches: 0.017462374549359082
batch:60/178, loss(avg. on 20 batches: 0.01767774736508727
batch:80/178, loss(avg. on 20 batches: 0.017707545915618537
batch:100/178, loss(avg. on 20 batches: 0.01873651067726314
batch:120/178, loss(avg. on 20 batches: 0.01903508952818811
batch:140/178, loss(avg. on 20 batches: 0.016769058909267186
batch:160/178, loss(avg. on 20 batches: 0.01612794348038733
test result: score: 924.404052734375, RMSE: 18.615081787109375
Epoch: 6
batch:20/178, loss(avg. on 20 batches: 0.016446130396798254
batch:40/178, loss(avg. on 20 batches: 0.01638958095572889
batch:60/178, loss(avg. on 20 batches: 0.015960974618792534
batch:80/178, loss(avg. on 20 batches: 0.015342951100319625
batch:100/178, loss(avg. on 20 batches: 0.016240048781037332
batch:120/178, loss(avg. on 20 batches: 0.01629834924824536
batch:140/178, loss(avg. on 20 batches: 0.015579046541824937
batch:160/178, loss(avg. on 20 batches: 0.01520684165880084
test result: score: 899.1944580078125, RMSE: 18.384483337402344
best_RMSE_checkpoints saved successfully!
Epoch: 7
batch:20/178, loss(avg. on 20 batches: 0.01676226006820798
batch:40/178, loss(avg. on 20 batches: 0.015400831447914242
batch:60/178, loss(avg. on 20 batches: 0.013771570567041636
batch:80/178, loss(avg. on 20 batches: 0.016260884003713727
batch:100/178, loss(avg. on 20 batches: 0.01367255039513111
batch:120/178, loss(avg. on 20 batches: 0.015518344659358262
batch:140/178, loss(avg. on 20 batches: 0.015197554277256132
batch:160/178, loss(avg. on 20 batches: 0.014388378756120802
test result: score: 648.3502807617188, RMSE: 17.63561248779297
best_score_checkpoints saved successfully!
best_RMSE_checkpoints saved successfully!
Epoch: 8
batch:20/178, loss(avg. on 20 batches: 0.013074355525895953
batch:40/178, loss(avg. on 20 batches: 0.015357890352606773
batch:60/178, loss(avg. on 20 batches: 0.01464607180096209
batch:80/178, loss(avg. on 20 batches: 0.014494065660983324
batch:100/178, loss(avg. on 20 batches: 0.013406999222934247
batch:120/178, loss(avg. on 20 batches: 0.01422948744148016
batch:140/178, loss(avg. on 20 batches: 0.014262075023725628
batch:160/178, loss(avg. on 20 batches: 0.01340002277866006
test result: score: 846.0986328125, RMSE: 17.985544204711914
Epoch: 9
batch:20/178, loss(avg. on 20 batches: 0.013168489979580044
batch:40/178, loss(avg. on 20 batches: 0.014943499537184834
batch:60/178, loss(avg. on 20 batches: 0.012991696270182729
batch:80/178, loss(avg. on 20 batches: 0.013830235274508596
batch:100/178, loss(avg. on 20 batches: 0.013714908761903644
batch:120/178, loss(avg. on 20 batches: 0.013927999278530478
batch:140/178, loss(avg. on 20 batches: 0.013040409563109279
batch:160/178, loss(avg. on 20 batches: 0.013172172801569104
test result: score: 1080.544921875, RMSE: 19.133926391601562
Epoch: 10
batch:20/178, loss(avg. on 20 batches: 0.012856546510010957
batch:40/178, loss(avg. on 20 batches: 0.012910882430151104
batch:60/178, loss(avg. on 20 batches: 0.013281462993472815
batch:80/178, loss(avg. on 20 batches: 0.012518287356942891
batch:100/178, loss(avg. on 20 batches: 0.013675213558599353
batch:120/178, loss(avg. on 20 batches: 0.013097456283867359
batch:140/178, loss(avg. on 20 batches: 0.013516917685046792
batch:160/178, loss(avg. on 20 batches: 0.012343802070245147
test result: score: 1179.021728515625, RMSE: 19.419145584106445
Epoch: 11
batch:20/178, loss(avg. on 20 batches: 0.013064097240567207
batch:40/178, loss(avg. on 20 batches: 0.012443754961714149
batch:60/178, loss(avg. on 20 batches: 0.012566794594749808
batch:80/178, loss(avg. on 20 batches: 0.012701676180586218
batch:100/178, loss(avg. on 20 batches: 0.011383901117369533
batch:120/178, loss(avg. on 20 batches: 0.012673145276494324
batch:140/178, loss(avg. on 20 batches: 0.013094507483765483
batch:160/178, loss(avg. on 20 batches: 0.012596366181969642
test result: score: 1072.05517578125, RMSE: 19.139453887939453
Epoch: 12
batch:20/178, loss(avg. on 20 batches: 0.011853019846603275
batch:40/178, loss(avg. on 20 batches: 0.012703626696020365
batch:60/178, loss(avg. on 20 batches: 0.012843285128474236
batch:80/178, loss(avg. on 20 batches: 0.012145832041278481
batch:100/178, loss(avg. on 20 batches: 0.01149109723046422
batch:120/178, loss(avg. on 20 batches: 0.012025422789156437
batch:140/178, loss(avg. on 20 batches: 0.012460191641002894
batch:160/178, loss(avg. on 20 batches: 0.011539099225774407
test result: score: 3554.772216796875, RMSE: 26.23443031311035
Epoch: 13
batch:20/178, loss(avg. on 20 batches: 0.012038221536204218
batch:40/178, loss(avg. on 20 batches: 0.01184072787873447
batch:60/178, loss(avg. on 20 batches: 0.01167332911863923
batch:80/178, loss(avg. on 20 batches: 0.011453349422663451
batch:100/178, loss(avg. on 20 batches: 0.012925611389800907
batch:120/178, loss(avg. on 20 batches: 0.012655298179015517
batch:140/178, loss(avg. on 20 batches: 0.011457092314958572
batch:160/178, loss(avg. on 20 batches: 0.012478814506903291
test result: score: 777.6734619140625, RMSE: 18.01259422302246
Epoch: 14
batch:20/178, loss(avg. on 20 batches: 0.0124616714194417
batch:40/178, loss(avg. on 20 batches: 0.012428641156293451
batch:60/178, loss(avg. on 20 batches: 0.011790323536843061
batch:80/178, loss(avg. on 20 batches: 0.010838391189463437
batch:100/178, loss(avg. on 20 batches: 0.011434242175891996
batch:120/178, loss(avg. on 20 batches: 0.010583294043317436
batch:140/178, loss(avg. on 20 batches: 0.01160005060955882
batch:160/178, loss(avg. on 20 batches: 0.01109406496398151
test result: score: 1153.6995849609375, RMSE: 20.2249698638916
Epoch: 15
batch:20/178, loss(avg. on 20 batches: 0.011464758496731519
batch:40/178, loss(avg. on 20 batches: 0.01140189664438367
batch:60/178, loss(avg. on 20 batches: 0.011836593924090266
batch:80/178, loss(avg. on 20 batches: 0.01146767041645944
batch:100/178, loss(avg. on 20 batches: 0.012883616890758277
batch:120/178, loss(avg. on 20 batches: 0.011199560994282366
batch:140/178, loss(avg. on 20 batches: 0.011258004466071725
batch:160/178, loss(avg. on 20 batches: 0.011313804052770137
test result: score: 836.3116455078125, RMSE: 18.866735458374023
Epoch: 16
batch:20/178, loss(avg. on 20 batches: 0.012592091085389256
batch:40/178, loss(avg. on 20 batches: 0.011618178384378553
batch:60/178, loss(avg. on 20 batches: 0.011401103297248482
batch:80/178, loss(avg. on 20 batches: 0.010186529369093478
batch:100/178, loss(avg. on 20 batches: 0.01129892743192613
batch:120/178, loss(avg. on 20 batches: 0.010996911954134703
batch:140/178, loss(avg. on 20 batches: 0.010501660639420152
batch:160/178, loss(avg. on 20 batches: 0.01105050251353532
test result: score: 970.811767578125, RMSE: 18.774288177490234
Epoch: 17
batch:20/178, loss(avg. on 20 batches: 0.011239461647346616
batch:40/178, loss(avg. on 20 batches: 0.011071572965011
batch:60/178, loss(avg. on 20 batches: 0.010265735490247608
batch:80/178, loss(avg. on 20 batches: 0.010374927311204374
batch:100/178, loss(avg. on 20 batches: 0.011363032460212707
batch:120/178, loss(avg. on 20 batches: 0.01175352898426354
batch:140/178, loss(avg. on 20 batches: 0.010797439096495508
batch:160/178, loss(avg. on 20 batches: 0.010946200462058187
test result: score: 1066.9326171875, RMSE: 19.40629005432129
Epoch: 18
batch:20/178, loss(avg. on 20 batches: 0.01047594789415598
batch:40/178, loss(avg. on 20 batches: 0.0107496059499681
batch:60/178, loss(avg. on 20 batches: 0.010881116380915046
batch:80/178, loss(avg. on 20 batches: 0.01047006060834974
batch:100/178, loss(avg. on 20 batches: 0.010590397845953703
batch:120/178, loss(avg. on 20 batches: 0.010615300294011832
batch:140/178, loss(avg. on 20 batches: 0.011534763034433126
batch:160/178, loss(avg. on 20 batches: 0.010313186142593623
test result: score: 619.8081665039062, RMSE: 17.68366050720215
best_score_checkpoints saved successfully!
Epoch: 19
batch:20/178, loss(avg. on 20 batches: 0.011371431616134941
batch:40/178, loss(avg. on 20 batches: 0.01076345113106072
batch:60/178, loss(avg. on 20 batches: 0.011270907684229314
batch:80/178, loss(avg. on 20 batches: 0.010418629180639983
batch:100/178, loss(avg. on 20 batches: 0.010778943565674126
batch:120/178, loss(avg. on 20 batches: 0.010730967996641994
batch:140/178, loss(avg. on 20 batches: 0.010123904631473123
batch:160/178, loss(avg. on 20 batches: 0.011062995390966534
test result: score: 558.975341796875, RMSE: 18.490171432495117
best_score_checkpoints saved successfully!
Epoch: 20
batch:20/178, loss(avg. on 20 batches: 0.010457987943664194
batch:40/178, loss(avg. on 20 batches: 0.010394473397172987
batch:60/178, loss(avg. on 20 batches: 0.009869847260415555
batch:80/178, loss(avg. on 20 batches: 0.010408950969576836
batch:100/178, loss(avg. on 20 batches: 0.009922357741743326
batch:120/178, loss(avg. on 20 batches: 0.010576780838891863
batch:140/178, loss(avg. on 20 batches: 0.010146472346968948
batch:160/178, loss(avg. on 20 batches: 0.010624067438766361
test result: score: 610.701171875, RMSE: 18.46028709411621
Epoch: 21
batch:20/178, loss(avg. on 20 batches: 0.010882025910541415
batch:40/178, loss(avg. on 20 batches: 0.01030361067969352
batch:60/178, loss(avg. on 20 batches: 0.010802996205165982
batch:80/178, loss(avg. on 20 batches: 0.010136980889365077
batch:100/178, loss(avg. on 20 batches: 0.011178717412985862
batch:120/178, loss(avg. on 20 batches: 0.01043904540129006
batch:140/178, loss(avg. on 20 batches: 0.009716161550022662
batch:160/178, loss(avg. on 20 batches: 0.01053303440567106
test result: score: 608.595947265625, RMSE: 19.157428741455078
Epoch: 22
batch:20/178, loss(avg. on 20 batches: 0.010289102140814067
batch:40/178, loss(avg. on 20 batches: 0.0107411268632859
batch:60/178, loss(avg. on 20 batches: 0.011282798671163618
batch:80/178, loss(avg. on 20 batches: 0.010090006073005498
batch:100/178, loss(avg. on 20 batches: 0.010030485503375531
batch:120/178, loss(avg. on 20 batches: 0.010050508473068476
batch:140/178, loss(avg. on 20 batches: 0.009859654726460576
batch:160/178, loss(avg. on 20 batches: 0.010039540799334645
test result: score: 643.7317504882812, RMSE: 18.634105682373047
Epoch: 23
batch:20/178, loss(avg. on 20 batches: 0.009259370109066366
batch:40/178, loss(avg. on 20 batches: 0.010792484343983232
batch:60/178, loss(avg. on 20 batches: 0.010990412533283233
batch:80/178, loss(avg. on 20 batches: 0.010741092870011926
batch:100/178, loss(avg. on 20 batches: 0.010683535598218441
batch:120/178, loss(avg. on 20 batches: 0.01097784610465169
batch:140/178, loss(avg. on 20 batches: 0.01004711075220257
batch:160/178, loss(avg. on 20 batches: 0.01004589421208948
test result: score: 1165.9312744140625, RMSE: 19.893020629882812
Epoch: 24
batch:20/178, loss(avg. on 20 batches: 0.010410495195537805
batch:40/178, loss(avg. on 20 batches: 0.009765130933374166
batch:60/178, loss(avg. on 20 batches: 0.01011793517973274
batch:80/178, loss(avg. on 20 batches: 0.009531667549163103
batch:100/178, loss(avg. on 20 batches: 0.009620384639129042
batch:120/178, loss(avg. on 20 batches: 0.009717078506946563
batch:140/178, loss(avg. on 20 batches: 0.00964873917400837
batch:160/178, loss(avg. on 20 batches: 0.010314521845430136
test result: score: 587.0224609375, RMSE: 18.957626342773438
Epoch: 25
batch:20/178, loss(avg. on 20 batches: 0.00915828833822161
batch:40/178, loss(avg. on 20 batches: 0.00929397945292294
batch:60/178, loss(avg. on 20 batches: 0.009347310476005077
batch:80/178, loss(avg. on 20 batches: 0.010222210735082626
batch:100/178, loss(avg. on 20 batches: 0.010230061737820506
batch:120/178, loss(avg. on 20 batches: 0.009690175135619938
batch:140/178, loss(avg. on 20 batches: 0.009564232104457915
batch:160/178, loss(avg. on 20 batches: 0.009135896642692386
test result: score: 753.156494140625, RMSE: 18.63115692138672
Epoch: 26
batch:20/178, loss(avg. on 20 batches: 0.00915544496383518
batch:40/178, loss(avg. on 20 batches: 0.009078904800117017
batch:60/178, loss(avg. on 20 batches: 0.009314256813377142
batch:80/178, loss(avg. on 20 batches: 0.00998551796656102
batch:100/178, loss(avg. on 20 batches: 0.009746747673489153
batch:120/178, loss(avg. on 20 batches: 0.009854765119962394
batch:140/178, loss(avg. on 20 batches: 0.0096752600511536
batch:160/178, loss(avg. on 20 batches: 0.010005871066823602
test result: score: 520.1173095703125, RMSE: 19.20720672607422
best_score_checkpoints saved successfully!
Epoch: 27
batch:20/178, loss(avg. on 20 batches: 0.010125846881419421
batch:40/178, loss(avg. on 20 batches: 0.009744204697199166
batch:60/178, loss(avg. on 20 batches: 0.009286396764218807
batch:80/178, loss(avg. on 20 batches: 0.00974223455414176
batch:100/178, loss(avg. on 20 batches: 0.009184175357222556
batch:120/178, loss(avg. on 20 batches: 0.009133307752199471
batch:140/178, loss(avg. on 20 batches: 0.009888499928638338
batch:160/178, loss(avg. on 20 batches: 0.009827276994474232
test result: score: 543.9915161132812, RMSE: 18.435697555541992
Epoch: 28
batch:20/178, loss(avg. on 20 batches: 0.00919305884744972
batch:40/178, loss(avg. on 20 batches: 0.010024110111407936
batch:60/178, loss(avg. on 20 batches: 0.009873135574162006
batch:80/178, loss(avg. on 20 batches: 0.00923626816365868
batch:100/178, loss(avg. on 20 batches: 0.009895264357328414
batch:120/178, loss(avg. on 20 batches: 0.00855770567432046
batch:140/178, loss(avg. on 20 batches: 0.009048468130640686
batch:160/178, loss(avg. on 20 batches: 0.00936709837988019
test result: score: 4035.69140625, RMSE: 26.528369903564453
Epoch: 29
batch:20/178, loss(avg. on 20 batches: 0.00902738522272557
batch:40/178, loss(avg. on 20 batches: 0.00967085720039904
batch:60/178, loss(avg. on 20 batches: 0.009035330056212843
batch:80/178, loss(avg. on 20 batches: 0.009573882562108338
batch:100/178, loss(avg. on 20 batches: 0.009102554339915515
batch:120/178, loss(avg. on 20 batches: 0.00979525751899928
batch:140/178, loss(avg. on 20 batches: 0.009665343980304896
batch:160/178, loss(avg. on 20 batches: 0.009322046139277517
test result: score: 1156.884521484375, RMSE: 20.50846290588379
Epoch: 30
batch:20/178, loss(avg. on 20 batches: 0.009268581378273666
batch:40/178, loss(avg. on 20 batches: 0.008984901313669979
batch:60/178, loss(avg. on 20 batches: 0.009222882823087275
batch:80/178, loss(avg. on 20 batches: 0.009959459607489406
batch:100/178, loss(avg. on 20 batches: 0.009546956792473794
batch:120/178, loss(avg. on 20 batches: 0.009063855395652354
batch:140/178, loss(avg. on 20 batches: 0.00906153698451817
batch:160/178, loss(avg. on 20 batches: 0.009114020341075956
test result: score: 3000.36181640625, RMSE: 25.042722702026367
Epoch: 31
batch:20/178, loss(avg. on 20 batches: 0.009751259093172848
batch:40/178, loss(avg. on 20 batches: 0.008171897917054593
batch:60/178, loss(avg. on 20 batches: 0.009143607807345688
batch:80/178, loss(avg. on 20 batches: 0.009435315965674818
batch:100/178, loss(avg. on 20 batches: 0.008960363804362714
batch:120/178, loss(avg. on 20 batches: 0.009188207960687578
batch:140/178, loss(avg. on 20 batches: 0.009400960174389184
batch:160/178, loss(avg. on 20 batches: 0.009687617886811495
test result: score: 916.4464111328125, RMSE: 19.47184181213379
Epoch: 32
batch:20/178, loss(avg. on 20 batches: 0.009982215147465468
batch:40/178, loss(avg. on 20 batches: 0.009806764381937682
batch:60/178, loss(avg. on 20 batches: 0.009539339155890048
batch:80/178, loss(avg. on 20 batches: 0.009093478391878306
batch:100/178, loss(avg. on 20 batches: 0.009549179789610207
batch:120/178, loss(avg. on 20 batches: 0.009223007457330823
batch:140/178, loss(avg. on 20 batches: 0.009389863209798932
batch:160/178, loss(avg. on 20 batches: 0.009186388761736452
test result: score: 1319.846435546875, RMSE: 20.596654891967773
